[0.396s] Invoking command in '/home/rysch01/Projects/teleoperation_spot/system_ws/src/xtion_bringup': DEBUGINFOD_URLS=https://debuginfod.ubuntu.com PYTHONPATH=/home/rysch01/Projects/teleoperation_spot/system_ws/build/xtion_bringup/prefix_override:/usr/lib/python3/dist-packages/colcon_core/task/python/colcon_distutils_commands:/home/rysch01/Projects/teleoperation_spot/system_ws/install/xtion_bringup/lib/python3.12/site-packages:${PYTHONPATH} /usr/bin/python3 -W ignore:setup.py install is deprecated -W ignore:easy_install command is deprecated setup.py egg_info --egg-base ../../build/xtion_bringup build --build-base /home/rysch01/Projects/teleoperation_spot/system_ws/build/xtion_bringup/build install --record /home/rysch01/Projects/teleoperation_spot/system_ws/build/xtion_bringup/install.log --single-version-externally-managed install_data
[0.531s] running egg_info
[0.540s] writing ../../build/xtion_bringup/xtion_bringup.egg-info/PKG-INFO
[0.541s] writing dependency_links to ../../build/xtion_bringup/xtion_bringup.egg-info/dependency_links.txt
[0.541s] writing entry points to ../../build/xtion_bringup/xtion_bringup.egg-info/entry_points.txt
[0.541s] writing requirements to ../../build/xtion_bringup/xtion_bringup.egg-info/requires.txt
[0.541s] writing top-level names to ../../build/xtion_bringup/xtion_bringup.egg-info/top_level.txt
[0.561s] reading manifest file '../../build/xtion_bringup/xtion_bringup.egg-info/SOURCES.txt'
[0.561s] writing manifest file '../../build/xtion_bringup/xtion_bringup.egg-info/SOURCES.txt'
[0.561s] running build
[0.561s] running build_py
[0.561s] running install
[0.565s] running install_lib
[0.575s] running install_data
[0.575s] running install_egg_info
[0.585s] removing '/home/rysch01/Projects/teleoperation_spot/system_ws/install/xtion_bringup/lib/python3.12/site-packages/xtion_bringup-0.0.0-py3.12.egg-info' (and everything under it)
[0.586s] Copying ../../build/xtion_bringup/xtion_bringup.egg-info to /home/rysch01/Projects/teleoperation_spot/system_ws/install/xtion_bringup/lib/python3.12/site-packages/xtion_bringup-0.0.0-py3.12.egg-info
[0.586s] running install_scripts
[0.653s] Installing gen_xtion_cameras script to /home/rysch01/Projects/teleoperation_spot/system_ws/install/xtion_bringup/bin
[0.654s] writing list of installed files to '/home/rysch01/Projects/teleoperation_spot/system_ws/build/xtion_bringup/install.log'
[0.669s] Invoked command in '/home/rysch01/Projects/teleoperation_spot/system_ws/src/xtion_bringup' returned '0': DEBUGINFOD_URLS=https://debuginfod.ubuntu.com PYTHONPATH=/home/rysch01/Projects/teleoperation_spot/system_ws/build/xtion_bringup/prefix_override:/usr/lib/python3/dist-packages/colcon_core/task/python/colcon_distutils_commands:/home/rysch01/Projects/teleoperation_spot/system_ws/install/xtion_bringup/lib/python3.12/site-packages:${PYTHONPATH} /usr/bin/python3 -W ignore:setup.py install is deprecated -W ignore:easy_install command is deprecated setup.py egg_info --egg-base ../../build/xtion_bringup build --build-base /home/rysch01/Projects/teleoperation_spot/system_ws/build/xtion_bringup/build install --record /home/rysch01/Projects/teleoperation_spot/system_ws/build/xtion_bringup/install.log --single-version-externally-managed install_data
