-- Install configuration: ""
-- Up-to-date: /home/rysch01/Projects/teleoperation_spot/system_ws/install/asus_xtion_visualization/share/asus_xtion_visualization/launch
-- Up-to-date: /home/rysch01/Projects/teleoperation_spot/system_ws/install/asus_xtion_visualization/share/asus_xtion_visualization/launch/rviz2.launch.py
-- Up-to-date: /home/rysch01/Projects/teleoperation_spot/system_ws/install/asus_xtion_visualization/share/asus_xtion_visualization/rviz
-- Up-to-date: /home/rysch01/Projects/teleoperation_spot/system_ws/install/asus_xtion_visualization/share/asus_xtion_visualization/rviz/default.rviz
-- Up-to-date: /home/rysch01/Projects/teleoperation_spot/system_ws/install/asus_xtion_visualization/share/ament_index/resource_index/package_run_dependencies/asus_xtion_visualization
-- Up-to-date: /home/rysch01/Projects/teleoperation_spot/system_ws/install/asus_xtion_visualization/share/ament_index/resource_index/parent_prefix_path/asus_xtion_visualization
-- Up-to-date: /home/rysch01/Projects/teleoperation_spot/system_ws/install/asus_xtion_visualization/share/asus_xtion_visualization/environment/ament_prefix_path.sh
-- Up-to-date: /home/rysch01/Projects/teleoperation_spot/system_ws/install/asus_xtion_visualization/share/asus_xtion_visualization/environment/ament_prefix_path.dsv
-- Up-to-date: /home/rysch01/Projects/teleoperation_spot/system_ws/install/asus_xtion_visualization/share/asus_xtion_visualization/environment/path.sh
-- Up-to-date: /home/rysch01/Projects/teleoperation_spot/system_ws/install/asus_xtion_visualization/share/asus_xtion_visualization/environment/path.dsv
-- Up-to-date: /home/rysch01/Projects/teleoperation_spot/system_ws/install/asus_xtion_visualization/share/asus_xtion_visualization/local_setup.bash
-- Up-to-date: /home/rysch01/Projects/teleoperation_spot/system_ws/install/asus_xtion_visualization/share/asus_xtion_visualization/local_setup.sh
-- Up-to-date: /home/rysch01/Projects/teleoperation_spot/system_ws/install/asus_xtion_visualization/share/asus_xtion_visualization/local_setup.zsh
-- Up-to-date: /home/rysch01/Projects/teleoperation_spot/system_ws/install/asus_xtion_visualization/share/asus_xtion_visualization/local_setup.dsv
-- Up-to-date: /home/rysch01/Projects/teleoperation_spot/system_ws/install/asus_xtion_visualization/share/asus_xtion_visualization/package.dsv
-- Up-to-date: /home/rysch01/Projects/teleoperation_spot/system_ws/install/asus_xtion_visualization/share/ament_index/resource_index/packages/asus_xtion_visualization
-- Up-to-date: /home/rysch01/Projects/teleoperation_spot/system_ws/install/asus_xtion_visualization/share/asus_xtion_visualization/cmake/asus_xtion_visualizationConfig.cmake
-- Up-to-date: /home/rysch01/Projects/teleoperation_spot/system_ws/install/asus_xtion_visualization/share/asus_xtion_visualization/cmake/asus_xtion_visualizationConfig-version.cmake
-- Up-to-date: /home/rysch01/Projects/teleoperation_spot/system_ws/install/asus_xtion_visualization/share/asus_xtion_visualization/package.xml
