[0.082s] DEBUG:colcon:Command line arguments: ['/usr/bin/colcon', 'build']
[0.082s] DEBUG:colcon:Parsed command line arguments: Namespace(log_base=None, log_level=None, verb_name='build', build_base='build', install_base='install', merge_install=False, symlink_install=False, test_result_base=None, continue_on_error=False, executor='parallel', parallel_workers=24, event_handlers=None, ignore_user_meta=False, metas=['./colcon.meta'], base_paths=['.'], packages_ignore=None, packages_ignore_regex=None, paths=None, packages_up_to=None, packages_up_to_regex=None, packages_above=None, packages_above_and_dependencies=None, packages_above_depth=None, packages_select_by_dep=None, packages_skip_by_dep=None, packages_skip_up_to=None, packages_select_build_failed=False, packages_skip_build_finished=False, packages_select_test_failures=False, packages_skip_test_passed=False, packages_select=None, packages_skip=None, packages_select_regex=None, packages_skip_regex=None, packages_start=None, packages_end=None, allow_overriding=[], cmake_args=None, cmake_target=None, cmake_target_skip_unavailable=False, cmake_clean_cache=False, cmake_clean_first=False, cmake_force_configure=False, ament_cmake_args=None, catkin_cmake_args=None, catkin_skip_building_tests=False, mixin_files=None, mixin=None, verb_parser=<colcon_mixin.mixin.mixin_argument.MixinArgumentDecorator object at 0x797d2d8b3da0>, verb_extension=<colcon_core.verb.build.BuildVerb object at 0x797d2d8fd280>, main=<bound method BuildVerb.main of <colcon_core.verb.build.BuildVerb object at 0x797d2d8fd280>>, mixin_verb=('build',))
[0.105s] Level 1:colcon.colcon_core.package_discovery:discover_packages(colcon_meta) check parameters
[0.106s] Level 1:colcon.colcon_core.package_discovery:discover_packages(recursive) check parameters
[0.106s] Level 1:colcon.colcon_core.package_discovery:discover_packages(ignore) check parameters
[0.106s] Level 1:colcon.colcon_core.package_discovery:discover_packages(path) check parameters
[0.106s] Level 1:colcon.colcon_core.package_discovery:discover_packages(colcon_meta) discover
[0.106s] Level 1:colcon.colcon_core.package_discovery:discover_packages(recursive) discover
[0.106s] INFO:colcon.colcon_core.package_discovery:Crawling recursively for packages in '/home/rysch01/Projects/teleoperation_spot/system_ws'
[0.106s] Level 1:colcon.colcon_core.package_identification:_identify(.) by extensions ['ignore', 'ignore_ament_install']
[0.106s] Level 1:colcon.colcon_core.package_identification:_identify(.) by extension 'ignore'
[0.106s] Level 1:colcon.colcon_core.package_identification:_identify(.) by extension 'ignore_ament_install'
[0.106s] Level 1:colcon.colcon_core.package_identification:_identify(.) by extensions ['colcon_pkg']
[0.106s] Level 1:colcon.colcon_core.package_identification:_identify(.) by extension 'colcon_pkg'
[0.106s] Level 1:colcon.colcon_core.package_identification:_identify(.) by extensions ['colcon_meta']
[0.106s] Level 1:colcon.colcon_core.package_identification:_identify(.) by extension 'colcon_meta'
[0.106s] Level 1:colcon.colcon_core.package_identification:_identify(.) by extensions ['ros']
[0.106s] Level 1:colcon.colcon_core.package_identification:_identify(.) by extension 'ros'
[0.122s] Level 1:colcon.colcon_core.package_identification:_identify(.) by extensions ['cmake', 'python']
[0.122s] Level 1:colcon.colcon_core.package_identification:_identify(.) by extension 'cmake'
[0.122s] Level 1:colcon.colcon_core.package_identification:_identify(.) by extension 'python'
[0.122s] Level 1:colcon.colcon_core.package_identification:_identify(.) by extensions ['python_setup_py']
[0.122s] Level 1:colcon.colcon_core.package_identification:_identify(.) by extension 'python_setup_py'
[0.122s] Level 1:colcon.colcon_core.package_identification:_identify(build) by extensions ['ignore', 'ignore_ament_install']
[0.122s] Level 1:colcon.colcon_core.package_identification:_identify(build) by extension 'ignore'
[0.122s] Level 1:colcon.colcon_core.package_identification:_identify(build) ignored
[0.122s] Level 1:colcon.colcon_core.package_identification:_identify(install) by extensions ['ignore', 'ignore_ament_install']
[0.122s] Level 1:colcon.colcon_core.package_identification:_identify(install) by extension 'ignore'
[0.122s] Level 1:colcon.colcon_core.package_identification:_identify(install) ignored
[0.122s] Level 1:colcon.colcon_core.package_identification:_identify(log) by extensions ['ignore', 'ignore_ament_install']
[0.122s] Level 1:colcon.colcon_core.package_identification:_identify(log) by extension 'ignore'
[0.122s] Level 1:colcon.colcon_core.package_identification:_identify(log) ignored
[0.122s] Level 1:colcon.colcon_core.package_identification:_identify(src) by extensions ['ignore', 'ignore_ament_install']
[0.123s] Level 1:colcon.colcon_core.package_identification:_identify(src) by extension 'ignore'
[0.123s] Level 1:colcon.colcon_core.package_identification:_identify(src) by extension 'ignore_ament_install'
[0.123s] Level 1:colcon.colcon_core.package_identification:_identify(src) by extensions ['colcon_pkg']
[0.123s] Level 1:colcon.colcon_core.package_identification:_identify(src) by extension 'colcon_pkg'
[0.123s] Level 1:colcon.colcon_core.package_identification:_identify(src) by extensions ['colcon_meta']
[0.123s] Level 1:colcon.colcon_core.package_identification:_identify(src) by extension 'colcon_meta'
[0.123s] Level 1:colcon.colcon_core.package_identification:_identify(src) by extensions ['ros']
[0.123s] Level 1:colcon.colcon_core.package_identification:_identify(src) by extension 'ros'
[0.123s] Level 1:colcon.colcon_core.package_identification:_identify(src) by extensions ['cmake', 'python']
[0.123s] Level 1:colcon.colcon_core.package_identification:_identify(src) by extension 'cmake'
[0.123s] Level 1:colcon.colcon_core.package_identification:_identify(src) by extension 'python'
[0.123s] Level 1:colcon.colcon_core.package_identification:_identify(src) by extensions ['python_setup_py']
[0.123s] Level 1:colcon.colcon_core.package_identification:_identify(src) by extension 'python_setup_py'
[0.123s] Level 1:colcon.colcon_core.package_identification:_identify(src/ros2_asus_xtion) by extensions ['ignore', 'ignore_ament_install']
[0.123s] Level 1:colcon.colcon_core.package_identification:_identify(src/ros2_asus_xtion) by extension 'ignore'
[0.123s] Level 1:colcon.colcon_core.package_identification:_identify(src/ros2_asus_xtion) by extension 'ignore_ament_install'
[0.123s] Level 1:colcon.colcon_core.package_identification:_identify(src/ros2_asus_xtion) by extensions ['colcon_pkg']
[0.123s] Level 1:colcon.colcon_core.package_identification:_identify(src/ros2_asus_xtion) by extension 'colcon_pkg'
[0.123s] Level 1:colcon.colcon_core.package_identification:_identify(src/ros2_asus_xtion) by extensions ['colcon_meta']
[0.123s] Level 1:colcon.colcon_core.package_identification:_identify(src/ros2_asus_xtion) by extension 'colcon_meta'
[0.123s] Level 1:colcon.colcon_core.package_identification:_identify(src/ros2_asus_xtion) by extensions ['ros']
[0.123s] Level 1:colcon.colcon_core.package_identification:_identify(src/ros2_asus_xtion) by extension 'ros'
[0.123s] Level 1:colcon.colcon_core.package_identification:_identify(src/ros2_asus_xtion) by extensions ['cmake', 'python']
[0.123s] Level 1:colcon.colcon_core.package_identification:_identify(src/ros2_asus_xtion) by extension 'cmake'
[0.123s] Level 1:colcon.colcon_core.package_identification:_identify(src/ros2_asus_xtion) by extension 'python'
[0.123s] Level 1:colcon.colcon_core.package_identification:_identify(src/ros2_asus_xtion) by extensions ['python_setup_py']
[0.123s] Level 1:colcon.colcon_core.package_identification:_identify(src/ros2_asus_xtion) by extension 'python_setup_py'
[0.123s] Level 1:colcon.colcon_core.package_identification:_identify(src/ros2_asus_xtion/asus_xtion) by extensions ['ignore', 'ignore_ament_install']
[0.123s] Level 1:colcon.colcon_core.package_identification:_identify(src/ros2_asus_xtion/asus_xtion) by extension 'ignore'
[0.123s] Level 1:colcon.colcon_core.package_identification:_identify(src/ros2_asus_xtion/asus_xtion) by extension 'ignore_ament_install'
[0.123s] Level 1:colcon.colcon_core.package_identification:_identify(src/ros2_asus_xtion/asus_xtion) by extensions ['colcon_pkg']
[0.123s] Level 1:colcon.colcon_core.package_identification:_identify(src/ros2_asus_xtion/asus_xtion) by extension 'colcon_pkg'
[0.123s] Level 1:colcon.colcon_core.package_identification:_identify(src/ros2_asus_xtion/asus_xtion) by extensions ['colcon_meta']
[0.123s] Level 1:colcon.colcon_core.package_identification:_identify(src/ros2_asus_xtion/asus_xtion) by extension 'colcon_meta'
[0.123s] Level 1:colcon.colcon_core.package_identification:_identify(src/ros2_asus_xtion/asus_xtion) by extensions ['ros']
[0.123s] Level 1:colcon.colcon_core.package_identification:_identify(src/ros2_asus_xtion/asus_xtion) by extension 'ros'
[0.125s] DEBUG:colcon.colcon_core.package_identification:Package 'src/ros2_asus_xtion/asus_xtion' with type 'ros.ament_cmake' and name 'asus_xtion'
[0.125s] Level 1:colcon.colcon_core.package_identification:_identify(src/ros2_asus_xtion/asus_xtion_description) by extensions ['ignore', 'ignore_ament_install']
[0.125s] Level 1:colcon.colcon_core.package_identification:_identify(src/ros2_asus_xtion/asus_xtion_description) by extension 'ignore'
[0.125s] Level 1:colcon.colcon_core.package_identification:_identify(src/ros2_asus_xtion/asus_xtion_description) by extension 'ignore_ament_install'
[0.125s] Level 1:colcon.colcon_core.package_identification:_identify(src/ros2_asus_xtion/asus_xtion_description) by extensions ['colcon_pkg']
[0.125s] Level 1:colcon.colcon_core.package_identification:_identify(src/ros2_asus_xtion/asus_xtion_description) by extension 'colcon_pkg'
[0.125s] Level 1:colcon.colcon_core.package_identification:_identify(src/ros2_asus_xtion/asus_xtion_description) by extensions ['colcon_meta']
[0.125s] Level 1:colcon.colcon_core.package_identification:_identify(src/ros2_asus_xtion/asus_xtion_description) by extension 'colcon_meta'
[0.125s] Level 1:colcon.colcon_core.package_identification:_identify(src/ros2_asus_xtion/asus_xtion_description) by extensions ['ros']
[0.125s] Level 1:colcon.colcon_core.package_identification:_identify(src/ros2_asus_xtion/asus_xtion_description) by extension 'ros'
[0.125s] DEBUG:colcon.colcon_core.package_identification:Package 'src/ros2_asus_xtion/asus_xtion_description' with type 'ros.ament_cmake' and name 'asus_xtion_description'
[0.125s] Level 1:colcon.colcon_core.package_identification:_identify(src/ros2_asus_xtion/asus_xtion_gazebo) by extensions ['ignore', 'ignore_ament_install']
[0.125s] Level 1:colcon.colcon_core.package_identification:_identify(src/ros2_asus_xtion/asus_xtion_gazebo) by extension 'ignore'
[0.125s] Level 1:colcon.colcon_core.package_identification:_identify(src/ros2_asus_xtion/asus_xtion_gazebo) by extension 'ignore_ament_install'
[0.125s] Level 1:colcon.colcon_core.package_identification:_identify(src/ros2_asus_xtion/asus_xtion_gazebo) by extensions ['colcon_pkg']
[0.125s] Level 1:colcon.colcon_core.package_identification:_identify(src/ros2_asus_xtion/asus_xtion_gazebo) by extension 'colcon_pkg'
[0.125s] Level 1:colcon.colcon_core.package_identification:_identify(src/ros2_asus_xtion/asus_xtion_gazebo) by extensions ['colcon_meta']
[0.125s] Level 1:colcon.colcon_core.package_identification:_identify(src/ros2_asus_xtion/asus_xtion_gazebo) by extension 'colcon_meta'
[0.126s] Level 1:colcon.colcon_core.package_identification:_identify(src/ros2_asus_xtion/asus_xtion_gazebo) by extensions ['ros']
[0.126s] Level 1:colcon.colcon_core.package_identification:_identify(src/ros2_asus_xtion/asus_xtion_gazebo) by extension 'ros'
[0.126s] DEBUG:colcon.colcon_core.package_identification:Package 'src/ros2_asus_xtion/asus_xtion_gazebo' with type 'ros.ament_cmake' and name 'asus_xtion_gazebo'
[0.126s] Level 1:colcon.colcon_core.package_identification:_identify(src/ros2_asus_xtion/asus_xtion_visualization) by extensions ['ignore', 'ignore_ament_install']
[0.126s] Level 1:colcon.colcon_core.package_identification:_identify(src/ros2_asus_xtion/asus_xtion_visualization) by extension 'ignore'
[0.126s] Level 1:colcon.colcon_core.package_identification:_identify(src/ros2_asus_xtion/asus_xtion_visualization) by extension 'ignore_ament_install'
[0.126s] Level 1:colcon.colcon_core.package_identification:_identify(src/ros2_asus_xtion/asus_xtion_visualization) by extensions ['colcon_pkg']
[0.126s] Level 1:colcon.colcon_core.package_identification:_identify(src/ros2_asus_xtion/asus_xtion_visualization) by extension 'colcon_pkg'
[0.126s] Level 1:colcon.colcon_core.package_identification:_identify(src/ros2_asus_xtion/asus_xtion_visualization) by extensions ['colcon_meta']
[0.126s] Level 1:colcon.colcon_core.package_identification:_identify(src/ros2_asus_xtion/asus_xtion_visualization) by extension 'colcon_meta'
[0.126s] Level 1:colcon.colcon_core.package_identification:_identify(src/ros2_asus_xtion/asus_xtion_visualization) by extensions ['ros']
[0.126s] Level 1:colcon.colcon_core.package_identification:_identify(src/ros2_asus_xtion/asus_xtion_visualization) by extension 'ros'
[0.126s] DEBUG:colcon.colcon_core.package_identification:Package 'src/ros2_asus_xtion/asus_xtion_visualization' with type 'ros.ament_cmake' and name 'asus_xtion_visualization'
[0.126s] Level 1:colcon.colcon_core.package_discovery:discover_packages(recursive) using defaults
[0.126s] Level 1:colcon.colcon_core.package_discovery:discover_packages(ignore) discover
[0.126s] Level 1:colcon.colcon_core.package_discovery:discover_packages(ignore) using defaults
[0.126s] Level 1:colcon.colcon_core.package_discovery:discover_packages(path) discover
[0.126s] Level 1:colcon.colcon_core.package_discovery:discover_packages(path) using defaults
[0.139s] Level 1:colcon.colcon_core.package_discovery:discover_packages(prefix_path) check parameters
[0.139s] Level 1:colcon.colcon_core.package_discovery:discover_packages(prefix_path) discover
[0.140s] DEBUG:colcon.colcon_installed_package_information.package_discovery:Found 292 installed packages in /opt/ros/jazzy
[0.141s] Level 1:colcon.colcon_core.package_discovery:discover_packages(prefix_path) using defaults
[0.161s] Level 5:colcon.colcon_core.verb:set package 'asus_xtion_description' build argument 'cmake_args' from command line to 'None'
[0.161s] Level 5:colcon.colcon_core.verb:set package 'asus_xtion_description' build argument 'cmake_target' from command line to 'None'
[0.161s] Level 5:colcon.colcon_core.verb:set package 'asus_xtion_description' build argument 'cmake_target_skip_unavailable' from command line to 'False'
[0.161s] Level 5:colcon.colcon_core.verb:set package 'asus_xtion_description' build argument 'cmake_clean_cache' from command line to 'False'
[0.161s] Level 5:colcon.colcon_core.verb:set package 'asus_xtion_description' build argument 'cmake_clean_first' from command line to 'False'
[0.161s] Level 5:colcon.colcon_core.verb:set package 'asus_xtion_description' build argument 'cmake_force_configure' from command line to 'False'
[0.161s] Level 5:colcon.colcon_core.verb:set package 'asus_xtion_description' build argument 'ament_cmake_args' from command line to 'None'
[0.161s] Level 5:colcon.colcon_core.verb:set package 'asus_xtion_description' build argument 'catkin_cmake_args' from command line to 'None'
[0.161s] Level 5:colcon.colcon_core.verb:set package 'asus_xtion_description' build argument 'catkin_skip_building_tests' from command line to 'False'
[0.161s] DEBUG:colcon.colcon_core.verb:Building package 'asus_xtion_description' with the following arguments: {'ament_cmake_args': None, 'build_base': '/home/rysch01/Projects/teleoperation_spot/system_ws/build/asus_xtion_description', 'catkin_cmake_args': None, 'catkin_skip_building_tests': False, 'cmake_args': None, 'cmake_clean_cache': False, 'cmake_clean_first': False, 'cmake_force_configure': False, 'cmake_target': None, 'cmake_target_skip_unavailable': False, 'install_base': '/home/rysch01/Projects/teleoperation_spot/system_ws/install/asus_xtion_description', 'merge_install': False, 'path': '/home/rysch01/Projects/teleoperation_spot/system_ws/src/ros2_asus_xtion/asus_xtion_description', 'symlink_install': False, 'test_result_base': None}
[0.162s] Level 5:colcon.colcon_core.verb:set package 'asus_xtion_visualization' build argument 'cmake_args' from command line to 'None'
[0.162s] Level 5:colcon.colcon_core.verb:set package 'asus_xtion_visualization' build argument 'cmake_target' from command line to 'None'
[0.162s] Level 5:colcon.colcon_core.verb:set package 'asus_xtion_visualization' build argument 'cmake_target_skip_unavailable' from command line to 'False'
[0.162s] Level 5:colcon.colcon_core.verb:set package 'asus_xtion_visualization' build argument 'cmake_clean_cache' from command line to 'False'
[0.162s] Level 5:colcon.colcon_core.verb:set package 'asus_xtion_visualization' build argument 'cmake_clean_first' from command line to 'False'
[0.162s] Level 5:colcon.colcon_core.verb:set package 'asus_xtion_visualization' build argument 'cmake_force_configure' from command line to 'False'
[0.162s] Level 5:colcon.colcon_core.verb:set package 'asus_xtion_visualization' build argument 'ament_cmake_args' from command line to 'None'
[0.162s] Level 5:colcon.colcon_core.verb:set package 'asus_xtion_visualization' build argument 'catkin_cmake_args' from command line to 'None'
[0.162s] Level 5:colcon.colcon_core.verb:set package 'asus_xtion_visualization' build argument 'catkin_skip_building_tests' from command line to 'False'
[0.162s] DEBUG:colcon.colcon_core.verb:Building package 'asus_xtion_visualization' with the following arguments: {'ament_cmake_args': None, 'build_base': '/home/rysch01/Projects/teleoperation_spot/system_ws/build/asus_xtion_visualization', 'catkin_cmake_args': None, 'catkin_skip_building_tests': False, 'cmake_args': None, 'cmake_clean_cache': False, 'cmake_clean_first': False, 'cmake_force_configure': False, 'cmake_target': None, 'cmake_target_skip_unavailable': False, 'install_base': '/home/rysch01/Projects/teleoperation_spot/system_ws/install/asus_xtion_visualization', 'merge_install': False, 'path': '/home/rysch01/Projects/teleoperation_spot/system_ws/src/ros2_asus_xtion/asus_xtion_visualization', 'symlink_install': False, 'test_result_base': None}
[0.162s] Level 5:colcon.colcon_core.verb:set package 'asus_xtion' build argument 'cmake_args' from command line to 'None'
[0.162s] Level 5:colcon.colcon_core.verb:set package 'asus_xtion' build argument 'cmake_target' from command line to 'None'
[0.162s] Level 5:colcon.colcon_core.verb:set package 'asus_xtion' build argument 'cmake_target_skip_unavailable' from command line to 'False'
[0.162s] Level 5:colcon.colcon_core.verb:set package 'asus_xtion' build argument 'cmake_clean_cache' from command line to 'False'
[0.162s] Level 5:colcon.colcon_core.verb:set package 'asus_xtion' build argument 'cmake_clean_first' from command line to 'False'
[0.162s] Level 5:colcon.colcon_core.verb:set package 'asus_xtion' build argument 'cmake_force_configure' from command line to 'False'
[0.162s] Level 5:colcon.colcon_core.verb:set package 'asus_xtion' build argument 'ament_cmake_args' from command line to 'None'
[0.162s] Level 5:colcon.colcon_core.verb:set package 'asus_xtion' build argument 'catkin_cmake_args' from command line to 'None'
[0.162s] Level 5:colcon.colcon_core.verb:set package 'asus_xtion' build argument 'catkin_skip_building_tests' from command line to 'False'
[0.162s] DEBUG:colcon.colcon_core.verb:Building package 'asus_xtion' with the following arguments: {'ament_cmake_args': None, 'build_base': '/home/rysch01/Projects/teleoperation_spot/system_ws/build/asus_xtion', 'catkin_cmake_args': None, 'catkin_skip_building_tests': False, 'cmake_args': None, 'cmake_clean_cache': False, 'cmake_clean_first': False, 'cmake_force_configure': False, 'cmake_target': None, 'cmake_target_skip_unavailable': False, 'install_base': '/home/rysch01/Projects/teleoperation_spot/system_ws/install/asus_xtion', 'merge_install': False, 'path': '/home/rysch01/Projects/teleoperation_spot/system_ws/src/ros2_asus_xtion/asus_xtion', 'symlink_install': False, 'test_result_base': None}
[0.162s] Level 5:colcon.colcon_core.verb:set package 'asus_xtion_gazebo' build argument 'cmake_args' from command line to 'None'
[0.162s] Level 5:colcon.colcon_core.verb:set package 'asus_xtion_gazebo' build argument 'cmake_target' from command line to 'None'
[0.162s] Level 5:colcon.colcon_core.verb:set package 'asus_xtion_gazebo' build argument 'cmake_target_skip_unavailable' from command line to 'False'
[0.162s] Level 5:colcon.colcon_core.verb:set package 'asus_xtion_gazebo' build argument 'cmake_clean_cache' from command line to 'False'
[0.162s] Level 5:colcon.colcon_core.verb:set package 'asus_xtion_gazebo' build argument 'cmake_clean_first' from command line to 'False'
[0.162s] Level 5:colcon.colcon_core.verb:set package 'asus_xtion_gazebo' build argument 'cmake_force_configure' from command line to 'False'
[0.162s] Level 5:colcon.colcon_core.verb:set package 'asus_xtion_gazebo' build argument 'ament_cmake_args' from command line to 'None'
[0.162s] Level 5:colcon.colcon_core.verb:set package 'asus_xtion_gazebo' build argument 'catkin_cmake_args' from command line to 'None'
[0.162s] Level 5:colcon.colcon_core.verb:set package 'asus_xtion_gazebo' build argument 'catkin_skip_building_tests' from command line to 'False'
[0.162s] DEBUG:colcon.colcon_core.verb:Building package 'asus_xtion_gazebo' with the following arguments: {'ament_cmake_args': None, 'build_base': '/home/rysch01/Projects/teleoperation_spot/system_ws/build/asus_xtion_gazebo', 'catkin_cmake_args': None, 'catkin_skip_building_tests': False, 'cmake_args': None, 'cmake_clean_cache': False, 'cmake_clean_first': False, 'cmake_force_configure': False, 'cmake_target': None, 'cmake_target_skip_unavailable': False, 'install_base': '/home/rysch01/Projects/teleoperation_spot/system_ws/install/asus_xtion_gazebo', 'merge_install': False, 'path': '/home/rysch01/Projects/teleoperation_spot/system_ws/src/ros2_asus_xtion/asus_xtion_gazebo', 'symlink_install': False, 'test_result_base': None}
[0.162s] INFO:colcon.colcon_core.executor:Executing jobs using 'parallel' executor
[0.163s] DEBUG:colcon.colcon_parallel_executor.executor.parallel:run_until_complete
[0.163s] INFO:colcon.colcon_ros.task.ament_cmake.build:Building ROS package in '/home/rysch01/Projects/teleoperation_spot/system_ws/src/ros2_asus_xtion/asus_xtion_description' with build type 'ament_cmake'
[0.163s] INFO:colcon.colcon_cmake.task.cmake.build:Building CMake package in '/home/rysch01/Projects/teleoperation_spot/system_ws/src/ros2_asus_xtion/asus_xtion_description'
[0.165s] INFO:colcon.colcon_core.plugin_system:Skipping extension 'colcon_core.shell.bat': Not used on non-Windows systems
[0.165s] INFO:colcon.colcon_core.shell:Skip shell extension 'powershell' for command environment: Not usable outside of PowerShell
[0.165s] DEBUG:colcon.colcon_core.shell:Skip shell extension 'dsv' for command environment
[0.167s] INFO:colcon.colcon_ros.task.ament_cmake.build:Building ROS package in '/home/rysch01/Projects/teleoperation_spot/system_ws/src/ros2_asus_xtion/asus_xtion_visualization' with build type 'ament_cmake'
[0.167s] INFO:colcon.colcon_cmake.task.cmake.build:Building CMake package in '/home/rysch01/Projects/teleoperation_spot/system_ws/src/ros2_asus_xtion/asus_xtion_visualization'
[0.167s] INFO:colcon.colcon_core.shell:Skip shell extension 'powershell' for command environment: Not usable outside of PowerShell
[0.167s] DEBUG:colcon.colcon_core.shell:Skip shell extension 'dsv' for command environment
[0.171s] DEBUG:colcon.colcon_core.event_handler.log_command:Invoking command in '/home/rysch01/Projects/teleoperation_spot/system_ws/build/asus_xtion_description': CMAKE_PREFIX_PATH=${CMAKE_PREFIX_PATH}:/opt/ros/jazzy DEBUGINFOD_URLS=https://debuginfod.ubuntu.com /usr/bin/cmake /home/rysch01/Projects/teleoperation_spot/system_ws/src/ros2_asus_xtion/asus_xtion_description -DCMAKE_INSTALL_PREFIX=/home/rysch01/Projects/teleoperation_spot/system_ws/install/asus_xtion_description
[0.173s] DEBUG:colcon.colcon_core.event_handler.log_command:Invoking command in '/home/rysch01/Projects/teleoperation_spot/system_ws/build/asus_xtion_visualization': CMAKE_PREFIX_PATH=${CMAKE_PREFIX_PATH}:/opt/ros/jazzy DEBUGINFOD_URLS=https://debuginfod.ubuntu.com /usr/bin/cmake /home/rysch01/Projects/teleoperation_spot/system_ws/src/ros2_asus_xtion/asus_xtion_visualization -DCMAKE_INSTALL_PREFIX=/home/rysch01/Projects/teleoperation_spot/system_ws/install/asus_xtion_visualization
[1.132s] DEBUG:colcon.colcon_core.event_handler.log_command:Invoked command in '/home/rysch01/Projects/teleoperation_spot/system_ws/build/asus_xtion_visualization' returned '0': CMAKE_PREFIX_PATH=${CMAKE_PREFIX_PATH}:/opt/ros/jazzy DEBUGINFOD_URLS=https://debuginfod.ubuntu.com /usr/bin/cmake /home/rysch01/Projects/teleoperation_spot/system_ws/src/ros2_asus_xtion/asus_xtion_visualization -DCMAKE_INSTALL_PREFIX=/home/rysch01/Projects/teleoperation_spot/system_ws/install/asus_xtion_visualization
[1.133s] DEBUG:colcon.colcon_core.event_handler.log_command:Invoking command in '/home/rysch01/Projects/teleoperation_spot/system_ws/build/asus_xtion_visualization': CMAKE_PREFIX_PATH=${CMAKE_PREFIX_PATH}:/opt/ros/jazzy DEBUGINFOD_URLS=https://debuginfod.ubuntu.com /usr/bin/cmake --build /home/rysch01/Projects/teleoperation_spot/system_ws/build/asus_xtion_visualization -- -j24 -l24
[1.135s] DEBUG:colcon.colcon_core.event_handler.log_command:Invoked command in '/home/rysch01/Projects/teleoperation_spot/system_ws/build/asus_xtion_description' returned '0': CMAKE_PREFIX_PATH=${CMAKE_PREFIX_PATH}:/opt/ros/jazzy DEBUGINFOD_URLS=https://debuginfod.ubuntu.com /usr/bin/cmake /home/rysch01/Projects/teleoperation_spot/system_ws/src/ros2_asus_xtion/asus_xtion_description -DCMAKE_INSTALL_PREFIX=/home/rysch01/Projects/teleoperation_spot/system_ws/install/asus_xtion_description
[1.136s] DEBUG:colcon.colcon_core.event_handler.log_command:Invoking command in '/home/rysch01/Projects/teleoperation_spot/system_ws/build/asus_xtion_description': CMAKE_PREFIX_PATH=${CMAKE_PREFIX_PATH}:/opt/ros/jazzy DEBUGINFOD_URLS=https://debuginfod.ubuntu.com /usr/bin/cmake --build /home/rysch01/Projects/teleoperation_spot/system_ws/build/asus_xtion_description -- -j24 -l24
[1.182s] DEBUG:colcon.colcon_core.event_handler.log_command:Invoked command in '/home/rysch01/Projects/teleoperation_spot/system_ws/build/asus_xtion_visualization' returned '0': CMAKE_PREFIX_PATH=${CMAKE_PREFIX_PATH}:/opt/ros/jazzy DEBUGINFOD_URLS=https://debuginfod.ubuntu.com /usr/bin/cmake --build /home/rysch01/Projects/teleoperation_spot/system_ws/build/asus_xtion_visualization -- -j24 -l24
[1.194s] DEBUG:colcon.colcon_core.event_handler.log_command:Invoking command in '/home/rysch01/Projects/teleoperation_spot/system_ws/build/asus_xtion_visualization': CMAKE_PREFIX_PATH=${CMAKE_PREFIX_PATH}:/opt/ros/jazzy DEBUGINFOD_URLS=https://debuginfod.ubuntu.com /usr/bin/cmake --install /home/rysch01/Projects/teleoperation_spot/system_ws/build/asus_xtion_visualization
[1.195s] DEBUG:colcon.colcon_core.event_handler.log_command:Invoked command in '/home/rysch01/Projects/teleoperation_spot/system_ws/build/asus_xtion_description' returned '0': CMAKE_PREFIX_PATH=${CMAKE_PREFIX_PATH}:/opt/ros/jazzy DEBUGINFOD_URLS=https://debuginfod.ubuntu.com /usr/bin/cmake --build /home/rysch01/Projects/teleoperation_spot/system_ws/build/asus_xtion_description -- -j24 -l24
[1.197s] DEBUG:colcon.colcon_core.event_handler.log_command:Invoking command in '/home/rysch01/Projects/teleoperation_spot/system_ws/build/asus_xtion_description': CMAKE_PREFIX_PATH=${CMAKE_PREFIX_PATH}:/opt/ros/jazzy DEBUGINFOD_URLS=https://debuginfod.ubuntu.com /usr/bin/cmake --install /home/rysch01/Projects/teleoperation_spot/system_ws/build/asus_xtion_description
[1.209s] Level 1:colcon.colcon_core.environment:create_environment_scripts_only(asus_xtion_visualization)
[1.210s] DEBUG:colcon.colcon_core.event_handler.log_command:Invoked command in '/home/rysch01/Projects/teleoperation_spot/system_ws/build/asus_xtion_visualization' returned '0': CMAKE_PREFIX_PATH=${CMAKE_PREFIX_PATH}:/opt/ros/jazzy DEBUGINFOD_URLS=https://debuginfod.ubuntu.com /usr/bin/cmake --install /home/rysch01/Projects/teleoperation_spot/system_ws/build/asus_xtion_visualization
[1.212s] Level 1:colcon.colcon_core.environment:checking '/home/rysch01/Projects/teleoperation_spot/system_ws/install/asus_xtion_visualization' for CMake module files
[1.212s] Level 1:colcon.colcon_core.environment:checking '/home/rysch01/Projects/teleoperation_spot/system_ws/install/asus_xtion_visualization' for CMake config files
[1.213s] Level 1:colcon.colcon_core.shell:create_environment_hook('asus_xtion_visualization', 'cmake_prefix_path')
[1.213s] INFO:colcon.colcon_core.shell:Creating environment hook '/home/rysch01/Projects/teleoperation_spot/system_ws/install/asus_xtion_visualization/share/asus_xtion_visualization/hook/cmake_prefix_path.ps1'
[1.214s] INFO:colcon.colcon_core.shell:Creating environment descriptor '/home/rysch01/Projects/teleoperation_spot/system_ws/install/asus_xtion_visualization/share/asus_xtion_visualization/hook/cmake_prefix_path.dsv'
[1.214s] INFO:colcon.colcon_core.shell:Creating environment hook '/home/rysch01/Projects/teleoperation_spot/system_ws/install/asus_xtion_visualization/share/asus_xtion_visualization/hook/cmake_prefix_path.sh'
[1.215s] Level 1:colcon.colcon_core.environment:checking '/home/rysch01/Projects/teleoperation_spot/system_ws/install/asus_xtion_visualization/bin'
[1.215s] Level 1:colcon.colcon_core.environment:checking '/home/rysch01/Projects/teleoperation_spot/system_ws/install/asus_xtion_visualization/lib/pkgconfig/asus_xtion_visualization.pc'
[1.215s] Level 1:colcon.colcon_core.environment:checking '/home/rysch01/Projects/teleoperation_spot/system_ws/install/asus_xtion_visualization/lib/python3.12/site-packages'
[1.216s] Level 1:colcon.colcon_core.environment:checking '/home/rysch01/Projects/teleoperation_spot/system_ws/install/asus_xtion_visualization/bin'
[1.216s] INFO:colcon.colcon_core.shell:Creating package script '/home/rysch01/Projects/teleoperation_spot/system_ws/install/asus_xtion_visualization/share/asus_xtion_visualization/package.ps1'
[1.217s] INFO:colcon.colcon_core.shell:Creating package descriptor '/home/rysch01/Projects/teleoperation_spot/system_ws/install/asus_xtion_visualization/share/asus_xtion_visualization/package.dsv'
[1.217s] INFO:colcon.colcon_core.shell:Creating package script '/home/rysch01/Projects/teleoperation_spot/system_ws/install/asus_xtion_visualization/share/asus_xtion_visualization/package.sh'
[1.218s] INFO:colcon.colcon_core.shell:Creating package script '/home/rysch01/Projects/teleoperation_spot/system_ws/install/asus_xtion_visualization/share/asus_xtion_visualization/package.bash'
[1.219s] INFO:colcon.colcon_core.shell:Creating package script '/home/rysch01/Projects/teleoperation_spot/system_ws/install/asus_xtion_visualization/share/asus_xtion_visualization/package.zsh'
[1.219s] Level 1:colcon.colcon_core.environment:create_file_with_runtime_dependencies(/home/rysch01/Projects/teleoperation_spot/system_ws/install/asus_xtion_visualization/share/colcon-core/packages/asus_xtion_visualization)
[1.220s] Level 1:colcon.colcon_core.environment:create_environment_scripts_only(asus_xtion_visualization)
[1.220s] Level 1:colcon.colcon_core.environment:checking '/home/rysch01/Projects/teleoperation_spot/system_ws/install/asus_xtion_visualization' for CMake module files
[1.221s] Level 1:colcon.colcon_core.environment:checking '/home/rysch01/Projects/teleoperation_spot/system_ws/install/asus_xtion_visualization' for CMake config files
[1.221s] Level 1:colcon.colcon_core.shell:create_environment_hook('asus_xtion_visualization', 'cmake_prefix_path')
[1.221s] INFO:colcon.colcon_core.shell:Creating environment hook '/home/rysch01/Projects/teleoperation_spot/system_ws/install/asus_xtion_visualization/share/asus_xtion_visualization/hook/cmake_prefix_path.ps1'
[1.221s] INFO:colcon.colcon_core.shell:Creating environment descriptor '/home/rysch01/Projects/teleoperation_spot/system_ws/install/asus_xtion_visualization/share/asus_xtion_visualization/hook/cmake_prefix_path.dsv'
[1.222s] INFO:colcon.colcon_core.shell:Creating environment hook '/home/rysch01/Projects/teleoperation_spot/system_ws/install/asus_xtion_visualization/share/asus_xtion_visualization/hook/cmake_prefix_path.sh'
[1.222s] Level 1:colcon.colcon_core.environment:checking '/home/rysch01/Projects/teleoperation_spot/system_ws/install/asus_xtion_visualization/bin'
[1.222s] Level 1:colcon.colcon_core.environment:checking '/home/rysch01/Projects/teleoperation_spot/system_ws/install/asus_xtion_visualization/lib/pkgconfig/asus_xtion_visualization.pc'
[1.223s] Level 1:colcon.colcon_core.environment:checking '/home/rysch01/Projects/teleoperation_spot/system_ws/install/asus_xtion_visualization/lib/python3.12/site-packages'
[1.223s] Level 1:colcon.colcon_core.environment:checking '/home/rysch01/Projects/teleoperation_spot/system_ws/install/asus_xtion_visualization/bin'
[1.223s] INFO:colcon.colcon_core.shell:Creating package script '/home/rysch01/Projects/teleoperation_spot/system_ws/install/asus_xtion_visualization/share/asus_xtion_visualization/package.ps1'
[1.224s] INFO:colcon.colcon_core.shell:Creating package descriptor '/home/rysch01/Projects/teleoperation_spot/system_ws/install/asus_xtion_visualization/share/asus_xtion_visualization/package.dsv'
[1.224s] INFO:colcon.colcon_core.shell:Creating package script '/home/rysch01/Projects/teleoperation_spot/system_ws/install/asus_xtion_visualization/share/asus_xtion_visualization/package.sh'
[1.225s] INFO:colcon.colcon_core.shell:Creating package script '/home/rysch01/Projects/teleoperation_spot/system_ws/install/asus_xtion_visualization/share/asus_xtion_visualization/package.bash'
[1.225s] INFO:colcon.colcon_core.shell:Creating package script '/home/rysch01/Projects/teleoperation_spot/system_ws/install/asus_xtion_visualization/share/asus_xtion_visualization/package.zsh'
[1.226s] Level 1:colcon.colcon_core.environment:create_file_with_runtime_dependencies(/home/rysch01/Projects/teleoperation_spot/system_ws/install/asus_xtion_visualization/share/colcon-core/packages/asus_xtion_visualization)
[1.227s] Level 1:colcon.colcon_core.environment:create_environment_scripts_only(asus_xtion_description)
[1.227s] Level 1:colcon.colcon_core.environment:checking '/home/rysch01/Projects/teleoperation_spot/system_ws/install/asus_xtion_description' for CMake module files
[1.228s] DEBUG:colcon.colcon_core.event_handler.log_command:Invoked command in '/home/rysch01/Projects/teleoperation_spot/system_ws/build/asus_xtion_description' returned '0': CMAKE_PREFIX_PATH=${CMAKE_PREFIX_PATH}:/opt/ros/jazzy DEBUGINFOD_URLS=https://debuginfod.ubuntu.com /usr/bin/cmake --install /home/rysch01/Projects/teleoperation_spot/system_ws/build/asus_xtion_description
[1.228s] Level 1:colcon.colcon_core.environment:checking '/home/rysch01/Projects/teleoperation_spot/system_ws/install/asus_xtion_description' for CMake config files
[1.228s] Level 1:colcon.colcon_core.shell:create_environment_hook('asus_xtion_description', 'cmake_prefix_path')
[1.228s] INFO:colcon.colcon_core.shell:Creating environment hook '/home/rysch01/Projects/teleoperation_spot/system_ws/install/asus_xtion_description/share/asus_xtion_description/hook/cmake_prefix_path.ps1'
[1.229s] INFO:colcon.colcon_core.shell:Creating environment descriptor '/home/rysch01/Projects/teleoperation_spot/system_ws/install/asus_xtion_description/share/asus_xtion_description/hook/cmake_prefix_path.dsv'
[1.229s] INFO:colcon.colcon_core.shell:Creating environment hook '/home/rysch01/Projects/teleoperation_spot/system_ws/install/asus_xtion_description/share/asus_xtion_description/hook/cmake_prefix_path.sh'
[1.230s] Level 1:colcon.colcon_core.environment:checking '/home/rysch01/Projects/teleoperation_spot/system_ws/install/asus_xtion_description/bin'
[1.230s] Level 1:colcon.colcon_core.environment:checking '/home/rysch01/Projects/teleoperation_spot/system_ws/install/asus_xtion_description/lib/pkgconfig/asus_xtion_description.pc'
[1.230s] Level 1:colcon.colcon_core.environment:checking '/home/rysch01/Projects/teleoperation_spot/system_ws/install/asus_xtion_description/lib/python3.12/site-packages'
[1.230s] Level 1:colcon.colcon_core.environment:checking '/home/rysch01/Projects/teleoperation_spot/system_ws/install/asus_xtion_description/bin'
[1.231s] INFO:colcon.colcon_core.shell:Creating package script '/home/rysch01/Projects/teleoperation_spot/system_ws/install/asus_xtion_description/share/asus_xtion_description/package.ps1'
[1.231s] INFO:colcon.colcon_core.shell:Creating package descriptor '/home/rysch01/Projects/teleoperation_spot/system_ws/install/asus_xtion_description/share/asus_xtion_description/package.dsv'
[1.231s] INFO:colcon.colcon_core.shell:Creating package script '/home/rysch01/Projects/teleoperation_spot/system_ws/install/asus_xtion_description/share/asus_xtion_description/package.sh'
[1.232s] INFO:colcon.colcon_core.shell:Creating package script '/home/rysch01/Projects/teleoperation_spot/system_ws/install/asus_xtion_description/share/asus_xtion_description/package.bash'
[1.232s] INFO:colcon.colcon_core.shell:Creating package script '/home/rysch01/Projects/teleoperation_spot/system_ws/install/asus_xtion_description/share/asus_xtion_description/package.zsh'
[1.232s] Level 1:colcon.colcon_core.environment:create_file_with_runtime_dependencies(/home/rysch01/Projects/teleoperation_spot/system_ws/install/asus_xtion_description/share/colcon-core/packages/asus_xtion_description)
[1.233s] Level 1:colcon.colcon_core.environment:create_environment_scripts_only(asus_xtion_description)
[1.233s] Level 1:colcon.colcon_core.environment:checking '/home/rysch01/Projects/teleoperation_spot/system_ws/install/asus_xtion_description' for CMake module files
[1.234s] Level 1:colcon.colcon_core.environment:checking '/home/rysch01/Projects/teleoperation_spot/system_ws/install/asus_xtion_description' for CMake config files
[1.234s] Level 1:colcon.colcon_core.shell:create_environment_hook('asus_xtion_description', 'cmake_prefix_path')
[1.234s] INFO:colcon.colcon_core.shell:Creating environment hook '/home/rysch01/Projects/teleoperation_spot/system_ws/install/asus_xtion_description/share/asus_xtion_description/hook/cmake_prefix_path.ps1'
[1.234s] INFO:colcon.colcon_core.shell:Creating environment descriptor '/home/rysch01/Projects/teleoperation_spot/system_ws/install/asus_xtion_description/share/asus_xtion_description/hook/cmake_prefix_path.dsv'
[1.235s] INFO:colcon.colcon_core.shell:Creating environment hook '/home/rysch01/Projects/teleoperation_spot/system_ws/install/asus_xtion_description/share/asus_xtion_description/hook/cmake_prefix_path.sh'
[1.235s] Level 1:colcon.colcon_core.environment:checking '/home/rysch01/Projects/teleoperation_spot/system_ws/install/asus_xtion_description/bin'
[1.235s] Level 1:colcon.colcon_core.environment:checking '/home/rysch01/Projects/teleoperation_spot/system_ws/install/asus_xtion_description/lib/pkgconfig/asus_xtion_description.pc'
[1.236s] Level 1:colcon.colcon_core.environment:checking '/home/rysch01/Projects/teleoperation_spot/system_ws/install/asus_xtion_description/lib/python3.12/site-packages'
[1.236s] Level 1:colcon.colcon_core.environment:checking '/home/rysch01/Projects/teleoperation_spot/system_ws/install/asus_xtion_description/bin'
[1.236s] INFO:colcon.colcon_core.shell:Creating package script '/home/rysch01/Projects/teleoperation_spot/system_ws/install/asus_xtion_description/share/asus_xtion_description/package.ps1'
[1.237s] INFO:colcon.colcon_core.shell:Creating package descriptor '/home/rysch01/Projects/teleoperation_spot/system_ws/install/asus_xtion_description/share/asus_xtion_description/package.dsv'
[1.237s] INFO:colcon.colcon_core.shell:Creating package script '/home/rysch01/Projects/teleoperation_spot/system_ws/install/asus_xtion_description/share/asus_xtion_description/package.sh'
[1.238s] INFO:colcon.colcon_core.shell:Creating package script '/home/rysch01/Projects/teleoperation_spot/system_ws/install/asus_xtion_description/share/asus_xtion_description/package.bash'
[1.238s] INFO:colcon.colcon_core.shell:Creating package script '/home/rysch01/Projects/teleoperation_spot/system_ws/install/asus_xtion_description/share/asus_xtion_description/package.zsh'
[1.238s] Level 1:colcon.colcon_core.environment:create_file_with_runtime_dependencies(/home/rysch01/Projects/teleoperation_spot/system_ws/install/asus_xtion_description/share/colcon-core/packages/asus_xtion_description)
[1.239s] INFO:colcon.colcon_ros.task.ament_cmake.build:Building ROS package in '/home/rysch01/Projects/teleoperation_spot/system_ws/src/ros2_asus_xtion/asus_xtion' with build type 'ament_cmake'
[1.239s] INFO:colcon.colcon_cmake.task.cmake.build:Building CMake package in '/home/rysch01/Projects/teleoperation_spot/system_ws/src/ros2_asus_xtion/asus_xtion'
[1.239s] INFO:colcon.colcon_core.shell:Skip shell extension 'powershell' for command environment: Not usable outside of PowerShell
[1.239s] DEBUG:colcon.colcon_core.shell:Skip shell extension 'dsv' for command environment
[1.243s] INFO:colcon.colcon_ros.task.ament_cmake.build:Building ROS package in '/home/rysch01/Projects/teleoperation_spot/system_ws/src/ros2_asus_xtion/asus_xtion_gazebo' with build type 'ament_cmake'
[1.243s] INFO:colcon.colcon_cmake.task.cmake.build:Building CMake package in '/home/rysch01/Projects/teleoperation_spot/system_ws/src/ros2_asus_xtion/asus_xtion_gazebo'
[1.243s] INFO:colcon.colcon_core.shell:Skip shell extension 'powershell' for command environment: Not usable outside of PowerShell
[1.243s] DEBUG:colcon.colcon_core.shell:Skip shell extension 'dsv' for command environment
[1.249s] DEBUG:colcon.colcon_core.event_handler.log_command:Invoking command in '/home/rysch01/Projects/teleoperation_spot/system_ws/build/asus_xtion': AMENT_PREFIX_PATH=/home/rysch01/Projects/teleoperation_spot/system_ws/install/asus_xtion_description:${AMENT_PREFIX_PATH} CMAKE_PREFIX_PATH=/home/rysch01/Projects/teleoperation_spot/system_ws/install/asus_xtion_description:/opt/ros/jazzy/opt/gz_math_vendor:/opt/ros/jazzy/opt/gz_utils_vendor:/opt/ros/jazzy/opt/gz_cmake_vendor:/opt/ros/jazzy DEBUGINFOD_URLS=https://debuginfod.ubuntu.com /usr/bin/cmake /home/rysch01/Projects/teleoperation_spot/system_ws/src/ros2_asus_xtion/asus_xtion -DCMAKE_INSTALL_PREFIX=/home/rysch01/Projects/teleoperation_spot/system_ws/install/asus_xtion
[1.251s] DEBUG:colcon.colcon_core.event_handler.log_command:Invoking command in '/home/rysch01/Projects/teleoperation_spot/system_ws/build/asus_xtion_gazebo': AMENT_PREFIX_PATH=/home/rysch01/Projects/teleoperation_spot/system_ws/install/asus_xtion_description:${AMENT_PREFIX_PATH} CMAKE_PREFIX_PATH=/home/rysch01/Projects/teleoperation_spot/system_ws/install/asus_xtion_description:/opt/ros/jazzy/opt/gz_math_vendor:/opt/ros/jazzy/opt/gz_utils_vendor:/opt/ros/jazzy/opt/gz_cmake_vendor:/opt/ros/jazzy DEBUGINFOD_URLS=https://debuginfod.ubuntu.com /usr/bin/cmake /home/rysch01/Projects/teleoperation_spot/system_ws/src/ros2_asus_xtion/asus_xtion_gazebo -DCMAKE_INSTALL_PREFIX=/home/rysch01/Projects/teleoperation_spot/system_ws/install/asus_xtion_gazebo
[2.050s] DEBUG:colcon.colcon_core.event_handler.log_command:Invoked command in '/home/rysch01/Projects/teleoperation_spot/system_ws/build/asus_xtion_gazebo' returned '1': AMENT_PREFIX_PATH=/home/rysch01/Projects/teleoperation_spot/system_ws/install/asus_xtion_description:${AMENT_PREFIX_PATH} CMAKE_PREFIX_PATH=/home/rysch01/Projects/teleoperation_spot/system_ws/install/asus_xtion_description:/opt/ros/jazzy/opt/gz_math_vendor:/opt/ros/jazzy/opt/gz_utils_vendor:/opt/ros/jazzy/opt/gz_cmake_vendor:/opt/ros/jazzy DEBUGINFOD_URLS=https://debuginfod.ubuntu.com /usr/bin/cmake /home/rysch01/Projects/teleoperation_spot/system_ws/src/ros2_asus_xtion/asus_xtion_gazebo -DCMAKE_INSTALL_PREFIX=/home/rysch01/Projects/teleoperation_spot/system_ws/install/asus_xtion_gazebo
[2.064s] Level 1:colcon.colcon_core.environment:create_environment_scripts_only(asus_xtion_gazebo)
[2.064s] Level 1:colcon.colcon_core.environment:checking '/home/rysch01/Projects/teleoperation_spot/system_ws/install/asus_xtion_gazebo' for CMake module files
[2.065s] Level 1:colcon.colcon_core.environment:checking '/home/rysch01/Projects/teleoperation_spot/system_ws/install/asus_xtion_gazebo' for CMake config files
[2.065s] Level 1:colcon.colcon_core.environment:checking '/home/rysch01/Projects/teleoperation_spot/system_ws/install/asus_xtion_gazebo/bin'
[2.065s] Level 1:colcon.colcon_core.environment:checking '/home/rysch01/Projects/teleoperation_spot/system_ws/install/asus_xtion_gazebo/lib/pkgconfig/asus_xtion_gazebo.pc'
[2.066s] Level 1:colcon.colcon_core.environment:checking '/home/rysch01/Projects/teleoperation_spot/system_ws/install/asus_xtion_gazebo/lib/python3.12/site-packages'
[2.067s] Level 1:colcon.colcon_core.environment:checking '/home/rysch01/Projects/teleoperation_spot/system_ws/install/asus_xtion_gazebo/bin'
[2.067s] INFO:colcon.colcon_core.shell:Creating package script '/home/rysch01/Projects/teleoperation_spot/system_ws/install/asus_xtion_gazebo/share/asus_xtion_gazebo/package.ps1'
[2.068s] INFO:colcon.colcon_core.shell:Creating package descriptor '/home/rysch01/Projects/teleoperation_spot/system_ws/install/asus_xtion_gazebo/share/asus_xtion_gazebo/package.dsv'
[2.068s] INFO:colcon.colcon_core.shell:Creating package script '/home/rysch01/Projects/teleoperation_spot/system_ws/install/asus_xtion_gazebo/share/asus_xtion_gazebo/package.sh'
[2.068s] INFO:colcon.colcon_core.shell:Creating package script '/home/rysch01/Projects/teleoperation_spot/system_ws/install/asus_xtion_gazebo/share/asus_xtion_gazebo/package.bash'
[2.069s] INFO:colcon.colcon_core.shell:Creating package script '/home/rysch01/Projects/teleoperation_spot/system_ws/install/asus_xtion_gazebo/share/asus_xtion_gazebo/package.zsh'
[2.069s] Level 1:colcon.colcon_core.environment:create_file_with_runtime_dependencies(/home/rysch01/Projects/teleoperation_spot/system_ws/install/asus_xtion_gazebo/share/colcon-core/packages/asus_xtion_gazebo)
[2.552s] DEBUG:colcon.colcon_parallel_executor.executor.parallel:closing loop
[2.552s] DEBUG:colcon.colcon_parallel_executor.executor.parallel:loop closed
[2.552s] DEBUG:colcon.colcon_parallel_executor.executor.parallel:run_until_complete finished with '1'
[2.552s] DEBUG:colcon.colcon_core.event_reactor:joining thread
[2.560s] INFO:colcon.colcon_core.plugin_system:Skipping extension 'colcon_notification.desktop_notification.terminal_notifier': Not used on non-Darwin systems
[2.560s] INFO:colcon.colcon_core.plugin_system:Skipping extension 'colcon_notification.desktop_notification.win32': Not used on non-Windows systems
[2.560s] INFO:colcon.colcon_notification.desktop_notification:Sending desktop notification using 'notify2'
[2.587s] DEBUG:colcon.colcon_core.event_reactor:joined thread
[2.588s] INFO:colcon.colcon_core.shell:Creating prefix script '/home/rysch01/Projects/teleoperation_spot/system_ws/install/local_setup.ps1'
[2.589s] INFO:colcon.colcon_core.shell:Creating prefix util module '/home/rysch01/Projects/teleoperation_spot/system_ws/install/_local_setup_util_ps1.py'
[2.590s] INFO:colcon.colcon_core.shell:Creating prefix chain script '/home/rysch01/Projects/teleoperation_spot/system_ws/install/setup.ps1'
[2.591s] INFO:colcon.colcon_core.shell:Creating prefix script '/home/rysch01/Projects/teleoperation_spot/system_ws/install/local_setup.sh'
[2.591s] INFO:colcon.colcon_core.shell:Creating prefix util module '/home/rysch01/Projects/teleoperation_spot/system_ws/install/_local_setup_util_sh.py'
[2.592s] INFO:colcon.colcon_core.shell:Creating prefix chain script '/home/rysch01/Projects/teleoperation_spot/system_ws/install/setup.sh'
[2.592s] INFO:colcon.colcon_core.shell:Creating prefix script '/home/rysch01/Projects/teleoperation_spot/system_ws/install/local_setup.bash'
[2.593s] INFO:colcon.colcon_core.shell:Creating prefix chain script '/home/rysch01/Projects/teleoperation_spot/system_ws/install/setup.bash'
[2.594s] INFO:colcon.colcon_core.shell:Creating prefix script '/home/rysch01/Projects/teleoperation_spot/system_ws/install/local_setup.zsh'
[2.594s] INFO:colcon.colcon_core.shell:Creating prefix chain script '/home/rysch01/Projects/teleoperation_spot/system_ws/install/setup.zsh'
