/home/rysch01/Projects/teleoperation_spot/system_ws/install/xtion_bringup/lib/python3.12/site-packages/xtion_bringup/setup.py
/home/rysch01/Projects/teleoperation_spot/system_ws/install/xtion_bringup/lib/python3.12/site-packages/xtion_bringup/gen_xtion_cameras.py
/home/rysch01/Projects/teleoperation_spot/system_ws/install/xtion_bringup/lib/python3.12/site-packages/xtion_bringup/xtion_mapper_gui.py
/home/rysch01/Projects/teleoperation_spot/system_ws/install/xtion_bringup/lib/python3.12/site-packages/xtion_bringup/__init__.py
/home/rysch01/Projects/teleoperation_spot/system_ws/install/xtion_bringup/lib/python3.12/site-packages/xtion_bringup/__pycache__/setup.cpython-312.pyc
/home/rysch01/Projects/teleoperation_spot/system_ws/install/xtion_bringup/lib/python3.12/site-packages/xtion_bringup/__pycache__/gen_xtion_cameras.cpython-312.pyc
/home/rysch01/Projects/teleoperation_spot/system_ws/install/xtion_bringup/lib/python3.12/site-packages/xtion_bringup/__pycache__/xtion_mapper_gui.cpython-312.pyc
/home/rysch01/Projects/teleoperation_spot/system_ws/install/xtion_bringup/lib/python3.12/site-packages/xtion_bringup/__pycache__/__init__.cpython-312.pyc
/home/rysch01/Projects/teleoperation_spot/system_ws/install/xtion_bringup/share/ament_index/resource_index/packages/xtion_bringup
/home/rysch01/Projects/teleoperation_spot/system_ws/install/xtion_bringup/share/xtion_bringup/package.xml
/home/rysch01/Projects/teleoperation_spot/system_ws/install/xtion_bringup/share/xtion_bringup/launch/multi_xtion.launch.py
/home/rysch01/Projects/teleoperation_spot/system_ws/install/xtion_bringup/share/xtion_bringup/config/xtion_cameras.yaml
/home/rysch01/Projects/teleoperation_spot/system_ws/install/xtion_bringup/lib/python3.12/site-packages/xtion_bringup-0.0.0-py3.12.egg-info/zip-safe
/home/rysch01/Projects/teleoperation_spot/system_ws/install/xtion_bringup/lib/python3.12/site-packages/xtion_bringup-0.0.0-py3.12.egg-info/requires.txt
/home/rysch01/Projects/teleoperation_spot/system_ws/install/xtion_bringup/lib/python3.12/site-packages/xtion_bringup-0.0.0-py3.12.egg-info/top_level.txt
/home/rysch01/Projects/teleoperation_spot/system_ws/install/xtion_bringup/lib/python3.12/site-packages/xtion_bringup-0.0.0-py3.12.egg-info/PKG-INFO
/home/rysch01/Projects/teleoperation_spot/system_ws/install/xtion_bringup/lib/python3.12/site-packages/xtion_bringup-0.0.0-py3.12.egg-info/dependency_links.txt
/home/rysch01/Projects/teleoperation_spot/system_ws/install/xtion_bringup/lib/python3.12/site-packages/xtion_bringup-0.0.0-py3.12.egg-info/entry_points.txt
/home/rysch01/Projects/teleoperation_spot/system_ws/install/xtion_bringup/lib/python3.12/site-packages/xtion_bringup-0.0.0-py3.12.egg-info/SOURCES.txt
/home/rysch01/Projects/teleoperation_spot/system_ws/install/xtion_bringup/bin/gen_xtion_cameras
/home/rysch01/Projects/teleoperation_spot/system_ws/install/xtion_bringup/bin/xtion_mapper_gui
