running egg_info
creating ../../build/xtion_bringup/xtion_bringup.egg-info
writing ../../build/xtion_bringup/xtion_bringup.egg-info/PKG-INFO
writing dependency_links to ../../build/xtion_bringup/xtion_bringup.egg-info/dependency_links.txt
writing entry points to ../../build/xtion_bringup/xtion_bringup.egg-info/entry_points.txt
writing requirements to ../../build/xtion_bringup/xtion_bringup.egg-info/requires.txt
writing top-level names to ../../build/xtion_bringup/xtion_bringup.egg-info/top_level.txt
writing manifest file '../../build/xtion_bringup/xtion_bringup.egg-info/SOURCES.txt'
reading manifest file '../../build/xtion_bringup/xtion_bringup.egg-info/SOURCES.txt'
writing manifest file '../../build/xtion_bringup/xtion_bringup.egg-info/SOURCES.txt'
running build
running build_py
creating /home/rysch01/Projects/teleoperation_spot/system_ws/build/xtion_bringup/build
creating /home/rysch01/Projects/teleoperation_spot/system_ws/build/xtion_bringup/build/lib
creating /home/rysch01/Projects/teleoperation_spot/system_ws/build/xtion_bringup/build/lib/xtion_bringup
copying xtion_bringup/setup.py -> /home/rysch01/Projects/teleoperation_spot/system_ws/build/xtion_bringup/build/lib/xtion_bringup
copying xtion_bringup/gen_xtion_cameras.py -> /home/rysch01/Projects/teleoperation_spot/system_ws/build/xtion_bringup/build/lib/xtion_bringup
copying xtion_bringup/__init__.py -> /home/rysch01/Projects/teleoperation_spot/system_ws/build/xtion_bringup/build/lib/xtion_bringup
running install
running install_lib
creating /home/rysch01/Projects/teleoperation_spot/system_ws/install/xtion_bringup/lib/python3.12/site-packages/xtion_bringup
copying /home/rysch01/Projects/teleoperation_spot/system_ws/build/xtion_bringup/build/lib/xtion_bringup/setup.py -> /home/rysch01/Projects/teleoperation_spot/system_ws/install/xtion_bringup/lib/python3.12/site-packages/xtion_bringup
copying /home/rysch01/Projects/teleoperation_spot/system_ws/build/xtion_bringup/build/lib/xtion_bringup/gen_xtion_cameras.py -> /home/rysch01/Projects/teleoperation_spot/system_ws/install/xtion_bringup/lib/python3.12/site-packages/xtion_bringup
copying /home/rysch01/Projects/teleoperation_spot/system_ws/build/xtion_bringup/build/lib/xtion_bringup/__init__.py -> /home/rysch01/Projects/teleoperation_spot/system_ws/install/xtion_bringup/lib/python3.12/site-packages/xtion_bringup
byte-compiling /home/rysch01/Projects/teleoperation_spot/system_ws/install/xtion_bringup/lib/python3.12/site-packages/xtion_bringup/setup.py to setup.cpython-312.pyc
byte-compiling /home/rysch01/Projects/teleoperation_spot/system_ws/install/xtion_bringup/lib/python3.12/site-packages/xtion_bringup/gen_xtion_cameras.py to gen_xtion_cameras.cpython-312.pyc
byte-compiling /home/rysch01/Projects/teleoperation_spot/system_ws/install/xtion_bringup/lib/python3.12/site-packages/xtion_bringup/__init__.py to __init__.cpython-312.pyc
running install_data
creating /home/rysch01/Projects/teleoperation_spot/system_ws/install/xtion_bringup/share/ament_index
creating /home/rysch01/Projects/teleoperation_spot/system_ws/install/xtion_bringup/share/ament_index/resource_index
creating /home/rysch01/Projects/teleoperation_spot/system_ws/install/xtion_bringup/share/ament_index/resource_index/packages
copying resource/xtion_bringup -> /home/rysch01/Projects/teleoperation_spot/system_ws/install/xtion_bringup/share/ament_index/resource_index/packages
copying package.xml -> /home/rysch01/Projects/teleoperation_spot/system_ws/install/xtion_bringup/share/xtion_bringup
creating /home/rysch01/Projects/teleoperation_spot/system_ws/install/xtion_bringup/share/xtion_bringup/launch
creating /home/rysch01/Projects/teleoperation_spot/system_ws/install/xtion_bringup/share/xtion_bringup/config
copying config/xtion_cameras.yaml -> /home/rysch01/Projects/teleoperation_spot/system_ws/install/xtion_bringup/share/xtion_bringup/config
running install_egg_info
Copying ../../build/xtion_bringup/xtion_bringup.egg-info to /home/rysch01/Projects/teleoperation_spot/system_ws/install/xtion_bringup/lib/python3.12/site-packages/xtion_bringup-0.0.0-py3.12.egg-info
running install_scripts
Installing gen_xtion_cameras script to /home/rysch01/Projects/teleoperation_spot/system_ws/install/xtion_bringup/bin
writing list of installed files to '/home/rysch01/Projects/teleoperation_spot/system_ws/build/xtion_bringup/install.log'
