[0.008s] Invoking command in '/home/rysch01/Projects/teleoperation_spot/system_ws/build/asus_xtion': CMAKE_PREFIX_PATH=/home/rysch01/Projects/teleoperation_spot/system_ws/install/asus_xtion_description:/home/rysch01/Projects/teleoperation_spot/system_ws/install/asus_xtion_visualization:/home/rysch01/Projects/teleoperation_spot/system_ws/install/asus_xtion:/opt/ros/jazzy/opt/gz_math_vendor:/opt/ros/jazzy/opt/gz_utils_vendor:/opt/ros/jazzy/opt/gz_cmake_vendor:/opt/ros/jazzy DEBUGINFOD_URLS=https://debuginfod.ubuntu.com /usr/bin/cmake --build /home/rysch01/Projects/teleoperation_spot/system_ws/build/asus_xtion -- -j24 -l24
[0.054s] Invoked command in '/home/rysch01/Projects/teleoperation_spot/system_ws/build/asus_xtion' returned '0': CMAKE_PREFIX_PATH=/home/rysch01/Projects/teleoperation_spot/system_ws/install/asus_xtion_description:/home/rysch01/Projects/teleoperation_spot/system_ws/install/asus_xtion_visualization:/home/rysch01/Projects/teleoperation_spot/system_ws/install/asus_xtion:/opt/ros/jazzy/opt/gz_math_vendor:/opt/ros/jazzy/opt/gz_utils_vendor:/opt/ros/jazzy/opt/gz_cmake_vendor:/opt/ros/jazzy DEBUGINFOD_URLS=https://debuginfod.ubuntu.com /usr/bin/cmake --build /home/rysch01/Projects/teleoperation_spot/system_ws/build/asus_xtion -- -j24 -l24
[0.065s] Invoking command in '/home/rysch01/Projects/teleoperation_spot/system_ws/build/asus_xtion': CMAKE_PREFIX_PATH=/home/rysch01/Projects/teleoperation_spot/system_ws/install/asus_xtion_description:/home/rysch01/Projects/teleoperation_spot/system_ws/install/asus_xtion_visualization:/home/rysch01/Projects/teleoperation_spot/system_ws/install/asus_xtion:/opt/ros/jazzy/opt/gz_math_vendor:/opt/ros/jazzy/opt/gz_utils_vendor:/opt/ros/jazzy/opt/gz_cmake_vendor:/opt/ros/jazzy DEBUGINFOD_URLS=https://debuginfod.ubuntu.com /usr/bin/cmake --install /home/rysch01/Projects/teleoperation_spot/system_ws/build/asus_xtion
[0.075s] -- Install configuration: ""
[0.075s] -- Up-to-date: /home/rysch01/Projects/teleoperation_spot/system_ws/install/asus_xtion/share/asus_xtion/launch
[0.075s] -- Installing: /home/rysch01/Projects/teleoperation_spot/system_ws/install/asus_xtion/share/asus_xtion/launch/single_asus_xtion.launch.py
[0.075s] -- Up-to-date: /home/rysch01/Projects/teleoperation_spot/system_ws/install/asus_xtion/share/ament_index/resource_index/package_run_dependencies/asus_xtion
[0.075s] -- Up-to-date: /home/rysch01/Projects/teleoperation_spot/system_ws/install/asus_xtion/share/ament_index/resource_index/parent_prefix_path/asus_xtion
[0.075s] -- Up-to-date: /home/rysch01/Projects/teleoperation_spot/system_ws/install/asus_xtion/share/asus_xtion/environment/ament_prefix_path.sh
[0.076s] -- Up-to-date: /home/rysch01/Projects/teleoperation_spot/system_ws/install/asus_xtion/share/asus_xtion/environment/ament_prefix_path.dsv
[0.076s] -- Up-to-date: /home/rysch01/Projects/teleoperation_spot/system_ws/install/asus_xtion/share/asus_xtion/environment/path.sh
[0.076s] -- Up-to-date: /home/rysch01/Projects/teleoperation_spot/system_ws/install/asus_xtion/share/asus_xtion/environment/path.dsv
[0.076s] -- Up-to-date: /home/rysch01/Projects/teleoperation_spot/system_ws/install/asus_xtion/share/asus_xtion/local_setup.bash
[0.076s] -- Up-to-date: /home/rysch01/Projects/teleoperation_spot/system_ws/install/asus_xtion/share/asus_xtion/local_setup.sh
[0.076s] -- Up-to-date: /home/rysch01/Projects/teleoperation_spot/system_ws/install/asus_xtion/share/asus_xtion/local_setup.zsh
[0.076s] -- Up-to-date: /home/rysch01/Projects/teleoperation_spot/system_ws/install/asus_xtion/share/asus_xtion/local_setup.dsv
[0.077s] -- Installing: /home/rysch01/Projects/teleoperation_spot/system_ws/install/asus_xtion/share/asus_xtion/package.dsv
[0.077s] -- Up-to-date: /home/rysch01/Projects/teleoperation_spot/system_ws/install/asus_xtion/share/ament_index/resource_index/packages/asus_xtion
[0.077s] -- Up-to-date: /home/rysch01/Projects/teleoperation_spot/system_ws/install/asus_xtion/share/asus_xtion/cmake/asus_xtionConfig.cmake
[0.077s] -- Up-to-date: /home/rysch01/Projects/teleoperation_spot/system_ws/install/asus_xtion/share/asus_xtion/cmake/asus_xtionConfig-version.cmake
[0.077s] -- Up-to-date: /home/rysch01/Projects/teleoperation_spot/system_ws/install/asus_xtion/share/asus_xtion/package.xml
[0.078s] Invoked command in '/home/rysch01/Projects/teleoperation_spot/system_ws/build/asus_xtion' returned '0': CMAKE_PREFIX_PATH=/home/rysch01/Projects/teleoperation_spot/system_ws/install/asus_xtion_description:/home/rysch01/Projects/teleoperation_spot/system_ws/install/asus_xtion_visualization:/home/rysch01/Projects/teleoperation_spot/system_ws/install/asus_xtion:/opt/ros/jazzy/opt/gz_math_vendor:/opt/ros/jazzy/opt/gz_utils_vendor:/opt/ros/jazzy/opt/gz_cmake_vendor:/opt/ros/jazzy DEBUGINFOD_URLS=https://debuginfod.ubuntu.com /usr/bin/cmake --install /home/rysch01/Projects/teleoperation_spot/system_ws/build/asus_xtion
