[0.097s] DEBUG:colcon:Command line arguments: ['/usr/bin/colcon', 'build', '--packages-skip', 'asus_xtion_gazebo']
[0.097s] DEBUG:colcon:Parsed command line arguments: Namespace(log_base=None, log_level=None, verb_name='build', build_base='build', install_base='install', merge_install=False, symlink_install=False, test_result_base=None, continue_on_error=False, executor='parallel', parallel_workers=24, event_handlers=None, ignore_user_meta=False, metas=['./colcon.meta'], base_paths=['.'], packages_ignore=None, packages_ignore_regex=None, paths=None, packages_up_to=None, packages_up_to_regex=None, packages_above=None, packages_above_and_dependencies=None, packages_above_depth=None, packages_select_by_dep=None, packages_skip_by_dep=None, packages_skip_up_to=None, packages_select_build_failed=False, packages_skip_build_finished=False, packages_select_test_failures=False, packages_skip_test_passed=False, packages_select=None, packages_skip=['asus_xtion_gazebo'], packages_select_regex=None, packages_skip_regex=None, packages_start=None, packages_end=None, allow_overriding=[], cmake_args=None, cmake_target=None, cmake_target_skip_unavailable=False, cmake_clean_cache=False, cmake_clean_first=False, cmake_force_configure=False, ament_cmake_args=None, catkin_cmake_args=None, catkin_skip_building_tests=False, mixin_files=None, mixin=None, verb_parser=<colcon_mixin.mixin.mixin_argument.MixinArgumentDecorator object at 0x77b46af7e3f0>, verb_extension=<colcon_core.verb.build.BuildVerb object at 0x77b46af282c0>, main=<bound method BuildVerb.main of <colcon_core.verb.build.BuildVerb object at 0x77b46af282c0>>, mixin_verb=('build',))
[0.116s] Level 1:colcon.colcon_core.package_discovery:discover_packages(colcon_meta) check parameters
[0.116s] Level 1:colcon.colcon_core.package_discovery:discover_packages(recursive) check parameters
[0.116s] Level 1:colcon.colcon_core.package_discovery:discover_packages(ignore) check parameters
[0.116s] Level 1:colcon.colcon_core.package_discovery:discover_packages(path) check parameters
[0.116s] Level 1:colcon.colcon_core.package_discovery:discover_packages(colcon_meta) discover
[0.116s] Level 1:colcon.colcon_core.package_discovery:discover_packages(recursive) discover
[0.116s] INFO:colcon.colcon_core.package_discovery:Crawling recursively for packages in '/home/rysch01/Projects/teleoperation_spot/system_ws'
[0.117s] Level 1:colcon.colcon_core.package_identification:_identify(.) by extensions ['ignore', 'ignore_ament_install']
[0.117s] Level 1:colcon.colcon_core.package_identification:_identify(.) by extension 'ignore'
[0.117s] Level 1:colcon.colcon_core.package_identification:_identify(.) by extension 'ignore_ament_install'
[0.117s] Level 1:colcon.colcon_core.package_identification:_identify(.) by extensions ['colcon_pkg']
[0.117s] Level 1:colcon.colcon_core.package_identification:_identify(.) by extension 'colcon_pkg'
[0.117s] Level 1:colcon.colcon_core.package_identification:_identify(.) by extensions ['colcon_meta']
[0.117s] Level 1:colcon.colcon_core.package_identification:_identify(.) by extension 'colcon_meta'
[0.117s] Level 1:colcon.colcon_core.package_identification:_identify(.) by extensions ['ros']
[0.117s] Level 1:colcon.colcon_core.package_identification:_identify(.) by extension 'ros'
[0.130s] Level 1:colcon.colcon_core.package_identification:_identify(.) by extensions ['cmake', 'python']
[0.130s] Level 1:colcon.colcon_core.package_identification:_identify(.) by extension 'cmake'
[0.131s] Level 1:colcon.colcon_core.package_identification:_identify(.) by extension 'python'
[0.131s] Level 1:colcon.colcon_core.package_identification:_identify(.) by extensions ['python_setup_py']
[0.131s] Level 1:colcon.colcon_core.package_identification:_identify(.) by extension 'python_setup_py'
[0.131s] Level 1:colcon.colcon_core.package_identification:_identify(build) by extensions ['ignore', 'ignore_ament_install']
[0.131s] Level 1:colcon.colcon_core.package_identification:_identify(build) by extension 'ignore'
[0.131s] Level 1:colcon.colcon_core.package_identification:_identify(build) ignored
[0.131s] Level 1:colcon.colcon_core.package_identification:_identify(install) by extensions ['ignore', 'ignore_ament_install']
[0.131s] Level 1:colcon.colcon_core.package_identification:_identify(install) by extension 'ignore'
[0.131s] Level 1:colcon.colcon_core.package_identification:_identify(install) ignored
[0.131s] Level 1:colcon.colcon_core.package_identification:_identify(log) by extensions ['ignore', 'ignore_ament_install']
[0.131s] Level 1:colcon.colcon_core.package_identification:_identify(log) by extension 'ignore'
[0.131s] Level 1:colcon.colcon_core.package_identification:_identify(log) ignored
[0.131s] Level 1:colcon.colcon_core.package_identification:_identify(src) by extensions ['ignore', 'ignore_ament_install']
[0.131s] Level 1:colcon.colcon_core.package_identification:_identify(src) by extension 'ignore'
[0.131s] Level 1:colcon.colcon_core.package_identification:_identify(src) by extension 'ignore_ament_install'
[0.131s] Level 1:colcon.colcon_core.package_identification:_identify(src) by extensions ['colcon_pkg']
[0.131s] Level 1:colcon.colcon_core.package_identification:_identify(src) by extension 'colcon_pkg'
[0.131s] Level 1:colcon.colcon_core.package_identification:_identify(src) by extensions ['colcon_meta']
[0.131s] Level 1:colcon.colcon_core.package_identification:_identify(src) by extension 'colcon_meta'
[0.131s] Level 1:colcon.colcon_core.package_identification:_identify(src) by extensions ['ros']
[0.131s] Level 1:colcon.colcon_core.package_identification:_identify(src) by extension 'ros'
[0.131s] Level 1:colcon.colcon_core.package_identification:_identify(src) by extensions ['cmake', 'python']
[0.131s] Level 1:colcon.colcon_core.package_identification:_identify(src) by extension 'cmake'
[0.131s] Level 1:colcon.colcon_core.package_identification:_identify(src) by extension 'python'
[0.131s] Level 1:colcon.colcon_core.package_identification:_identify(src) by extensions ['python_setup_py']
[0.131s] Level 1:colcon.colcon_core.package_identification:_identify(src) by extension 'python_setup_py'
[0.131s] Level 1:colcon.colcon_core.package_identification:_identify(src/ros2_asus_xtion) by extensions ['ignore', 'ignore_ament_install']
[0.131s] Level 1:colcon.colcon_core.package_identification:_identify(src/ros2_asus_xtion) by extension 'ignore'
[0.131s] Level 1:colcon.colcon_core.package_identification:_identify(src/ros2_asus_xtion) by extension 'ignore_ament_install'
[0.131s] Level 1:colcon.colcon_core.package_identification:_identify(src/ros2_asus_xtion) by extensions ['colcon_pkg']
[0.131s] Level 1:colcon.colcon_core.package_identification:_identify(src/ros2_asus_xtion) by extension 'colcon_pkg'
[0.131s] Level 1:colcon.colcon_core.package_identification:_identify(src/ros2_asus_xtion) by extensions ['colcon_meta']
[0.131s] Level 1:colcon.colcon_core.package_identification:_identify(src/ros2_asus_xtion) by extension 'colcon_meta'
[0.131s] Level 1:colcon.colcon_core.package_identification:_identify(src/ros2_asus_xtion) by extensions ['ros']
[0.131s] Level 1:colcon.colcon_core.package_identification:_identify(src/ros2_asus_xtion) by extension 'ros'
[0.131s] Level 1:colcon.colcon_core.package_identification:_identify(src/ros2_asus_xtion) by extensions ['cmake', 'python']
[0.131s] Level 1:colcon.colcon_core.package_identification:_identify(src/ros2_asus_xtion) by extension 'cmake'
[0.131s] Level 1:colcon.colcon_core.package_identification:_identify(src/ros2_asus_xtion) by extension 'python'
[0.131s] Level 1:colcon.colcon_core.package_identification:_identify(src/ros2_asus_xtion) by extensions ['python_setup_py']
[0.131s] Level 1:colcon.colcon_core.package_identification:_identify(src/ros2_asus_xtion) by extension 'python_setup_py'
[0.131s] Level 1:colcon.colcon_core.package_identification:_identify(src/ros2_asus_xtion/asus_xtion) by extensions ['ignore', 'ignore_ament_install']
[0.131s] Level 1:colcon.colcon_core.package_identification:_identify(src/ros2_asus_xtion/asus_xtion) by extension 'ignore'
[0.132s] Level 1:colcon.colcon_core.package_identification:_identify(src/ros2_asus_xtion/asus_xtion) by extension 'ignore_ament_install'
[0.132s] Level 1:colcon.colcon_core.package_identification:_identify(src/ros2_asus_xtion/asus_xtion) by extensions ['colcon_pkg']
[0.132s] Level 1:colcon.colcon_core.package_identification:_identify(src/ros2_asus_xtion/asus_xtion) by extension 'colcon_pkg'
[0.132s] Level 1:colcon.colcon_core.package_identification:_identify(src/ros2_asus_xtion/asus_xtion) by extensions ['colcon_meta']
[0.132s] Level 1:colcon.colcon_core.package_identification:_identify(src/ros2_asus_xtion/asus_xtion) by extension 'colcon_meta'
[0.132s] Level 1:colcon.colcon_core.package_identification:_identify(src/ros2_asus_xtion/asus_xtion) by extensions ['ros']
[0.132s] Level 1:colcon.colcon_core.package_identification:_identify(src/ros2_asus_xtion/asus_xtion) by extension 'ros'
[0.133s] DEBUG:colcon.colcon_core.package_identification:Package 'src/ros2_asus_xtion/asus_xtion' with type 'ros.ament_cmake' and name 'asus_xtion'
[0.133s] Level 1:colcon.colcon_core.package_identification:_identify(src/ros2_asus_xtion/asus_xtion_description) by extensions ['ignore', 'ignore_ament_install']
[0.133s] Level 1:colcon.colcon_core.package_identification:_identify(src/ros2_asus_xtion/asus_xtion_description) by extension 'ignore'
[0.133s] Level 1:colcon.colcon_core.package_identification:_identify(src/ros2_asus_xtion/asus_xtion_description) by extension 'ignore_ament_install'
[0.133s] Level 1:colcon.colcon_core.package_identification:_identify(src/ros2_asus_xtion/asus_xtion_description) by extensions ['colcon_pkg']
[0.133s] Level 1:colcon.colcon_core.package_identification:_identify(src/ros2_asus_xtion/asus_xtion_description) by extension 'colcon_pkg'
[0.133s] Level 1:colcon.colcon_core.package_identification:_identify(src/ros2_asus_xtion/asus_xtion_description) by extensions ['colcon_meta']
[0.133s] Level 1:colcon.colcon_core.package_identification:_identify(src/ros2_asus_xtion/asus_xtion_description) by extension 'colcon_meta'
[0.133s] Level 1:colcon.colcon_core.package_identification:_identify(src/ros2_asus_xtion/asus_xtion_description) by extensions ['ros']
[0.133s] Level 1:colcon.colcon_core.package_identification:_identify(src/ros2_asus_xtion/asus_xtion_description) by extension 'ros'
[0.133s] DEBUG:colcon.colcon_core.package_identification:Package 'src/ros2_asus_xtion/asus_xtion_description' with type 'ros.ament_cmake' and name 'asus_xtion_description'
[0.133s] Level 1:colcon.colcon_core.package_identification:_identify(src/ros2_asus_xtion/asus_xtion_gazebo) by extensions ['ignore', 'ignore_ament_install']
[0.133s] Level 1:colcon.colcon_core.package_identification:_identify(src/ros2_asus_xtion/asus_xtion_gazebo) by extension 'ignore'
[0.133s] Level 1:colcon.colcon_core.package_identification:_identify(src/ros2_asus_xtion/asus_xtion_gazebo) by extension 'ignore_ament_install'
[0.133s] Level 1:colcon.colcon_core.package_identification:_identify(src/ros2_asus_xtion/asus_xtion_gazebo) by extensions ['colcon_pkg']
[0.133s] Level 1:colcon.colcon_core.package_identification:_identify(src/ros2_asus_xtion/asus_xtion_gazebo) by extension 'colcon_pkg'
[0.134s] Level 1:colcon.colcon_core.package_identification:_identify(src/ros2_asus_xtion/asus_xtion_gazebo) by extensions ['colcon_meta']
[0.134s] Level 1:colcon.colcon_core.package_identification:_identify(src/ros2_asus_xtion/asus_xtion_gazebo) by extension 'colcon_meta'
[0.134s] Level 1:colcon.colcon_core.package_identification:_identify(src/ros2_asus_xtion/asus_xtion_gazebo) by extensions ['ros']
[0.134s] Level 1:colcon.colcon_core.package_identification:_identify(src/ros2_asus_xtion/asus_xtion_gazebo) by extension 'ros'
[0.134s] DEBUG:colcon.colcon_core.package_identification:Package 'src/ros2_asus_xtion/asus_xtion_gazebo' with type 'ros.ament_cmake' and name 'asus_xtion_gazebo'
[0.134s] Level 1:colcon.colcon_core.package_identification:_identify(src/ros2_asus_xtion/asus_xtion_visualization) by extensions ['ignore', 'ignore_ament_install']
[0.134s] Level 1:colcon.colcon_core.package_identification:_identify(src/ros2_asus_xtion/asus_xtion_visualization) by extension 'ignore'
[0.134s] Level 1:colcon.colcon_core.package_identification:_identify(src/ros2_asus_xtion/asus_xtion_visualization) by extension 'ignore_ament_install'
[0.134s] Level 1:colcon.colcon_core.package_identification:_identify(src/ros2_asus_xtion/asus_xtion_visualization) by extensions ['colcon_pkg']
[0.134s] Level 1:colcon.colcon_core.package_identification:_identify(src/ros2_asus_xtion/asus_xtion_visualization) by extension 'colcon_pkg'
[0.134s] Level 1:colcon.colcon_core.package_identification:_identify(src/ros2_asus_xtion/asus_xtion_visualization) by extensions ['colcon_meta']
[0.134s] Level 1:colcon.colcon_core.package_identification:_identify(src/ros2_asus_xtion/asus_xtion_visualization) by extension 'colcon_meta'
[0.134s] Level 1:colcon.colcon_core.package_identification:_identify(src/ros2_asus_xtion/asus_xtion_visualization) by extensions ['ros']
[0.134s] Level 1:colcon.colcon_core.package_identification:_identify(src/ros2_asus_xtion/asus_xtion_visualization) by extension 'ros'
[0.134s] DEBUG:colcon.colcon_core.package_identification:Package 'src/ros2_asus_xtion/asus_xtion_visualization' with type 'ros.ament_cmake' and name 'asus_xtion_visualization'
[0.134s] Level 1:colcon.colcon_core.package_discovery:discover_packages(recursive) using defaults
[0.134s] Level 1:colcon.colcon_core.package_discovery:discover_packages(ignore) discover
[0.134s] Level 1:colcon.colcon_core.package_discovery:discover_packages(ignore) using defaults
[0.134s] Level 1:colcon.colcon_core.package_discovery:discover_packages(path) discover
[0.134s] Level 1:colcon.colcon_core.package_discovery:discover_packages(path) using defaults
[0.143s] INFO:colcon.colcon_core.package_selection:Skipping package 'asus_xtion_gazebo' in 'src/ros2_asus_xtion/asus_xtion_gazebo'
[0.144s] Level 1:colcon.colcon_core.package_discovery:discover_packages(prefix_path) check parameters
[0.144s] Level 1:colcon.colcon_core.package_discovery:discover_packages(prefix_path) discover
[0.145s] DEBUG:colcon.colcon_installed_package_information.package_discovery:Found 292 installed packages in /opt/ros/jazzy
[0.145s] Level 1:colcon.colcon_core.package_discovery:discover_packages(prefix_path) using defaults
[0.163s] Level 5:colcon.colcon_core.verb:set package 'asus_xtion_description' build argument 'cmake_args' from command line to 'None'
[0.163s] Level 5:colcon.colcon_core.verb:set package 'asus_xtion_description' build argument 'cmake_target' from command line to 'None'
[0.163s] Level 5:colcon.colcon_core.verb:set package 'asus_xtion_description' build argument 'cmake_target_skip_unavailable' from command line to 'False'
[0.163s] Level 5:colcon.colcon_core.verb:set package 'asus_xtion_description' build argument 'cmake_clean_cache' from command line to 'False'
[0.163s] Level 5:colcon.colcon_core.verb:set package 'asus_xtion_description' build argument 'cmake_clean_first' from command line to 'False'
[0.163s] Level 5:colcon.colcon_core.verb:set package 'asus_xtion_description' build argument 'cmake_force_configure' from command line to 'False'
[0.163s] Level 5:colcon.colcon_core.verb:set package 'asus_xtion_description' build argument 'ament_cmake_args' from command line to 'None'
[0.163s] Level 5:colcon.colcon_core.verb:set package 'asus_xtion_description' build argument 'catkin_cmake_args' from command line to 'None'
[0.163s] Level 5:colcon.colcon_core.verb:set package 'asus_xtion_description' build argument 'catkin_skip_building_tests' from command line to 'False'
[0.163s] DEBUG:colcon.colcon_core.verb:Building package 'asus_xtion_description' with the following arguments: {'ament_cmake_args': None, 'build_base': '/home/rysch01/Projects/teleoperation_spot/system_ws/build/asus_xtion_description', 'catkin_cmake_args': None, 'catkin_skip_building_tests': False, 'cmake_args': None, 'cmake_clean_cache': False, 'cmake_clean_first': False, 'cmake_force_configure': False, 'cmake_target': None, 'cmake_target_skip_unavailable': False, 'install_base': '/home/rysch01/Projects/teleoperation_spot/system_ws/install/asus_xtion_description', 'merge_install': False, 'path': '/home/rysch01/Projects/teleoperation_spot/system_ws/src/ros2_asus_xtion/asus_xtion_description', 'symlink_install': False, 'test_result_base': None}
[0.164s] Level 5:colcon.colcon_core.verb:set package 'asus_xtion_visualization' build argument 'cmake_args' from command line to 'None'
[0.164s] Level 5:colcon.colcon_core.verb:set package 'asus_xtion_visualization' build argument 'cmake_target' from command line to 'None'
[0.164s] Level 5:colcon.colcon_core.verb:set package 'asus_xtion_visualization' build argument 'cmake_target_skip_unavailable' from command line to 'False'
[0.164s] Level 5:colcon.colcon_core.verb:set package 'asus_xtion_visualization' build argument 'cmake_clean_cache' from command line to 'False'
[0.164s] Level 5:colcon.colcon_core.verb:set package 'asus_xtion_visualization' build argument 'cmake_clean_first' from command line to 'False'
[0.164s] Level 5:colcon.colcon_core.verb:set package 'asus_xtion_visualization' build argument 'cmake_force_configure' from command line to 'False'
[0.164s] Level 5:colcon.colcon_core.verb:set package 'asus_xtion_visualization' build argument 'ament_cmake_args' from command line to 'None'
[0.164s] Level 5:colcon.colcon_core.verb:set package 'asus_xtion_visualization' build argument 'catkin_cmake_args' from command line to 'None'
[0.164s] Level 5:colcon.colcon_core.verb:set package 'asus_xtion_visualization' build argument 'catkin_skip_building_tests' from command line to 'False'
[0.164s] DEBUG:colcon.colcon_core.verb:Building package 'asus_xtion_visualization' with the following arguments: {'ament_cmake_args': None, 'build_base': '/home/rysch01/Projects/teleoperation_spot/system_ws/build/asus_xtion_visualization', 'catkin_cmake_args': None, 'catkin_skip_building_tests': False, 'cmake_args': None, 'cmake_clean_cache': False, 'cmake_clean_first': False, 'cmake_force_configure': False, 'cmake_target': None, 'cmake_target_skip_unavailable': False, 'install_base': '/home/rysch01/Projects/teleoperation_spot/system_ws/install/asus_xtion_visualization', 'merge_install': False, 'path': '/home/rysch01/Projects/teleoperation_spot/system_ws/src/ros2_asus_xtion/asus_xtion_visualization', 'symlink_install': False, 'test_result_base': None}
[0.164s] Level 5:colcon.colcon_core.verb:set package 'asus_xtion' build argument 'cmake_args' from command line to 'None'
[0.164s] Level 5:colcon.colcon_core.verb:set package 'asus_xtion' build argument 'cmake_target' from command line to 'None'
[0.164s] Level 5:colcon.colcon_core.verb:set package 'asus_xtion' build argument 'cmake_target_skip_unavailable' from command line to 'False'
[0.164s] Level 5:colcon.colcon_core.verb:set package 'asus_xtion' build argument 'cmake_clean_cache' from command line to 'False'
[0.164s] Level 5:colcon.colcon_core.verb:set package 'asus_xtion' build argument 'cmake_clean_first' from command line to 'False'
[0.164s] Level 5:colcon.colcon_core.verb:set package 'asus_xtion' build argument 'cmake_force_configure' from command line to 'False'
[0.164s] Level 5:colcon.colcon_core.verb:set package 'asus_xtion' build argument 'ament_cmake_args' from command line to 'None'
[0.164s] Level 5:colcon.colcon_core.verb:set package 'asus_xtion' build argument 'catkin_cmake_args' from command line to 'None'
[0.164s] Level 5:colcon.colcon_core.verb:set package 'asus_xtion' build argument 'catkin_skip_building_tests' from command line to 'False'
[0.164s] DEBUG:colcon.colcon_core.verb:Building package 'asus_xtion' with the following arguments: {'ament_cmake_args': None, 'build_base': '/home/rysch01/Projects/teleoperation_spot/system_ws/build/asus_xtion', 'catkin_cmake_args': None, 'catkin_skip_building_tests': False, 'cmake_args': None, 'cmake_clean_cache': False, 'cmake_clean_first': False, 'cmake_force_configure': False, 'cmake_target': None, 'cmake_target_skip_unavailable': False, 'install_base': '/home/rysch01/Projects/teleoperation_spot/system_ws/install/asus_xtion', 'merge_install': False, 'path': '/home/rysch01/Projects/teleoperation_spot/system_ws/src/ros2_asus_xtion/asus_xtion', 'symlink_install': False, 'test_result_base': None}
[0.164s] INFO:colcon.colcon_core.executor:Executing jobs using 'parallel' executor
[0.165s] DEBUG:colcon.colcon_parallel_executor.executor.parallel:run_until_complete
[0.165s] INFO:colcon.colcon_ros.task.ament_cmake.build:Building ROS package in '/home/rysch01/Projects/teleoperation_spot/system_ws/src/ros2_asus_xtion/asus_xtion_description' with build type 'ament_cmake'
[0.165s] INFO:colcon.colcon_cmake.task.cmake.build:Building CMake package in '/home/rysch01/Projects/teleoperation_spot/system_ws/src/ros2_asus_xtion/asus_xtion_description'
[0.166s] INFO:colcon.colcon_core.plugin_system:Skipping extension 'colcon_core.shell.bat': Not used on non-Windows systems
[0.166s] INFO:colcon.colcon_core.shell:Skip shell extension 'powershell' for command environment: Not usable outside of PowerShell
[0.166s] DEBUG:colcon.colcon_core.shell:Skip shell extension 'dsv' for command environment
[0.168s] INFO:colcon.colcon_ros.task.ament_cmake.build:Building ROS package in '/home/rysch01/Projects/teleoperation_spot/system_ws/src/ros2_asus_xtion/asus_xtion_visualization' with build type 'ament_cmake'
[0.168s] INFO:colcon.colcon_cmake.task.cmake.build:Building CMake package in '/home/rysch01/Projects/teleoperation_spot/system_ws/src/ros2_asus_xtion/asus_xtion_visualization'
[0.168s] INFO:colcon.colcon_core.shell:Skip shell extension 'powershell' for command environment: Not usable outside of PowerShell
[0.168s] DEBUG:colcon.colcon_core.shell:Skip shell extension 'dsv' for command environment
[0.172s] DEBUG:colcon.colcon_core.event_handler.log_command:Invoking command in '/home/rysch01/Projects/teleoperation_spot/system_ws/build/asus_xtion_description': CMAKE_PREFIX_PATH=${CMAKE_PREFIX_PATH}:/opt/ros/jazzy DEBUGINFOD_URLS=https://debuginfod.ubuntu.com /usr/bin/cmake --build /home/rysch01/Projects/teleoperation_spot/system_ws/build/asus_xtion_description -- -j24 -l24
[0.174s] DEBUG:colcon.colcon_core.event_handler.log_command:Invoking command in '/home/rysch01/Projects/teleoperation_spot/system_ws/build/asus_xtion_visualization': CMAKE_PREFIX_PATH=${CMAKE_PREFIX_PATH}:/opt/ros/jazzy DEBUGINFOD_URLS=https://debuginfod.ubuntu.com /usr/bin/cmake --build /home/rysch01/Projects/teleoperation_spot/system_ws/build/asus_xtion_visualization -- -j24 -l24
[0.212s] DEBUG:colcon.colcon_core.event_handler.log_command:Invoked command in '/home/rysch01/Projects/teleoperation_spot/system_ws/build/asus_xtion_description' returned '0': CMAKE_PREFIX_PATH=${CMAKE_PREFIX_PATH}:/opt/ros/jazzy DEBUGINFOD_URLS=https://debuginfod.ubuntu.com /usr/bin/cmake --build /home/rysch01/Projects/teleoperation_spot/system_ws/build/asus_xtion_description -- -j24 -l24
[0.225s] DEBUG:colcon.colcon_core.event_handler.log_command:Invoking command in '/home/rysch01/Projects/teleoperation_spot/system_ws/build/asus_xtion_description': CMAKE_PREFIX_PATH=${CMAKE_PREFIX_PATH}:/opt/ros/jazzy DEBUGINFOD_URLS=https://debuginfod.ubuntu.com /usr/bin/cmake --install /home/rysch01/Projects/teleoperation_spot/system_ws/build/asus_xtion_description
[0.226s] DEBUG:colcon.colcon_core.event_handler.log_command:Invoked command in '/home/rysch01/Projects/teleoperation_spot/system_ws/build/asus_xtion_visualization' returned '0': CMAKE_PREFIX_PATH=${CMAKE_PREFIX_PATH}:/opt/ros/jazzy DEBUGINFOD_URLS=https://debuginfod.ubuntu.com /usr/bin/cmake --build /home/rysch01/Projects/teleoperation_spot/system_ws/build/asus_xtion_visualization -- -j24 -l24
[0.227s] DEBUG:colcon.colcon_core.event_handler.log_command:Invoking command in '/home/rysch01/Projects/teleoperation_spot/system_ws/build/asus_xtion_visualization': CMAKE_PREFIX_PATH=${CMAKE_PREFIX_PATH}:/opt/ros/jazzy DEBUGINFOD_URLS=https://debuginfod.ubuntu.com /usr/bin/cmake --install /home/rysch01/Projects/teleoperation_spot/system_ws/build/asus_xtion_visualization
[0.237s] Level 1:colcon.colcon_core.environment:create_environment_scripts_only(asus_xtion_description)
[0.238s] DEBUG:colcon.colcon_core.event_handler.log_command:Invoked command in '/home/rysch01/Projects/teleoperation_spot/system_ws/build/asus_xtion_description' returned '0': CMAKE_PREFIX_PATH=${CMAKE_PREFIX_PATH}:/opt/ros/jazzy DEBUGINFOD_URLS=https://debuginfod.ubuntu.com /usr/bin/cmake --install /home/rysch01/Projects/teleoperation_spot/system_ws/build/asus_xtion_description
[0.241s] Level 1:colcon.colcon_core.environment:checking '/home/rysch01/Projects/teleoperation_spot/system_ws/install/asus_xtion_description' for CMake module files
[0.242s] Level 1:colcon.colcon_core.environment:checking '/home/rysch01/Projects/teleoperation_spot/system_ws/install/asus_xtion_description' for CMake config files
[0.242s] Level 1:colcon.colcon_core.shell:create_environment_hook('asus_xtion_description', 'cmake_prefix_path')
[0.242s] INFO:colcon.colcon_core.shell:Creating environment hook '/home/rysch01/Projects/teleoperation_spot/system_ws/install/asus_xtion_description/share/asus_xtion_description/hook/cmake_prefix_path.ps1'
[0.243s] INFO:colcon.colcon_core.shell:Creating environment descriptor '/home/rysch01/Projects/teleoperation_spot/system_ws/install/asus_xtion_description/share/asus_xtion_description/hook/cmake_prefix_path.dsv'
[0.243s] INFO:colcon.colcon_core.shell:Creating environment hook '/home/rysch01/Projects/teleoperation_spot/system_ws/install/asus_xtion_description/share/asus_xtion_description/hook/cmake_prefix_path.sh'
[0.244s] Level 1:colcon.colcon_core.environment:checking '/home/rysch01/Projects/teleoperation_spot/system_ws/install/asus_xtion_description/bin'
[0.244s] Level 1:colcon.colcon_core.environment:checking '/home/rysch01/Projects/teleoperation_spot/system_ws/install/asus_xtion_description/lib/pkgconfig/asus_xtion_description.pc'
[0.245s] Level 1:colcon.colcon_core.environment:checking '/home/rysch01/Projects/teleoperation_spot/system_ws/install/asus_xtion_description/lib/python3.12/site-packages'
[0.245s] Level 1:colcon.colcon_core.environment:checking '/home/rysch01/Projects/teleoperation_spot/system_ws/install/asus_xtion_description/bin'
[0.245s] INFO:colcon.colcon_core.shell:Creating package script '/home/rysch01/Projects/teleoperation_spot/system_ws/install/asus_xtion_description/share/asus_xtion_description/package.ps1'
[0.246s] INFO:colcon.colcon_core.shell:Creating package descriptor '/home/rysch01/Projects/teleoperation_spot/system_ws/install/asus_xtion_description/share/asus_xtion_description/package.dsv'
[0.247s] INFO:colcon.colcon_core.shell:Creating package script '/home/rysch01/Projects/teleoperation_spot/system_ws/install/asus_xtion_description/share/asus_xtion_description/package.sh'
[0.247s] INFO:colcon.colcon_core.shell:Creating package script '/home/rysch01/Projects/teleoperation_spot/system_ws/install/asus_xtion_description/share/asus_xtion_description/package.bash'
[0.248s] INFO:colcon.colcon_core.shell:Creating package script '/home/rysch01/Projects/teleoperation_spot/system_ws/install/asus_xtion_description/share/asus_xtion_description/package.zsh'
[0.248s] Level 1:colcon.colcon_core.environment:create_file_with_runtime_dependencies(/home/rysch01/Projects/teleoperation_spot/system_ws/install/asus_xtion_description/share/colcon-core/packages/asus_xtion_description)
[0.249s] Level 1:colcon.colcon_core.environment:create_environment_scripts_only(asus_xtion_description)
[0.249s] Level 1:colcon.colcon_core.environment:checking '/home/rysch01/Projects/teleoperation_spot/system_ws/install/asus_xtion_description' for CMake module files
[0.250s] Level 1:colcon.colcon_core.environment:checking '/home/rysch01/Projects/teleoperation_spot/system_ws/install/asus_xtion_description' for CMake config files
[0.250s] Level 1:colcon.colcon_core.shell:create_environment_hook('asus_xtion_description', 'cmake_prefix_path')
[0.250s] INFO:colcon.colcon_core.shell:Creating environment hook '/home/rysch01/Projects/teleoperation_spot/system_ws/install/asus_xtion_description/share/asus_xtion_description/hook/cmake_prefix_path.ps1'
[0.251s] INFO:colcon.colcon_core.shell:Creating environment descriptor '/home/rysch01/Projects/teleoperation_spot/system_ws/install/asus_xtion_description/share/asus_xtion_description/hook/cmake_prefix_path.dsv'
[0.251s] INFO:colcon.colcon_core.shell:Creating environment hook '/home/rysch01/Projects/teleoperation_spot/system_ws/install/asus_xtion_description/share/asus_xtion_description/hook/cmake_prefix_path.sh'
[0.252s] Level 1:colcon.colcon_core.environment:checking '/home/rysch01/Projects/teleoperation_spot/system_ws/install/asus_xtion_description/bin'
[0.252s] Level 1:colcon.colcon_core.environment:checking '/home/rysch01/Projects/teleoperation_spot/system_ws/install/asus_xtion_description/lib/pkgconfig/asus_xtion_description.pc'
[0.252s] Level 1:colcon.colcon_core.environment:checking '/home/rysch01/Projects/teleoperation_spot/system_ws/install/asus_xtion_description/lib/python3.12/site-packages'
[0.253s] Level 1:colcon.colcon_core.environment:checking '/home/rysch01/Projects/teleoperation_spot/system_ws/install/asus_xtion_description/bin'
[0.253s] INFO:colcon.colcon_core.shell:Creating package script '/home/rysch01/Projects/teleoperation_spot/system_ws/install/asus_xtion_description/share/asus_xtion_description/package.ps1'
[0.253s] INFO:colcon.colcon_core.shell:Creating package descriptor '/home/rysch01/Projects/teleoperation_spot/system_ws/install/asus_xtion_description/share/asus_xtion_description/package.dsv'
[0.254s] INFO:colcon.colcon_core.shell:Creating package script '/home/rysch01/Projects/teleoperation_spot/system_ws/install/asus_xtion_description/share/asus_xtion_description/package.sh'
[0.254s] INFO:colcon.colcon_core.shell:Creating package script '/home/rysch01/Projects/teleoperation_spot/system_ws/install/asus_xtion_description/share/asus_xtion_description/package.bash'
[0.255s] INFO:colcon.colcon_core.shell:Creating package script '/home/rysch01/Projects/teleoperation_spot/system_ws/install/asus_xtion_description/share/asus_xtion_description/package.zsh'
[0.255s] Level 1:colcon.colcon_core.environment:create_file_with_runtime_dependencies(/home/rysch01/Projects/teleoperation_spot/system_ws/install/asus_xtion_description/share/colcon-core/packages/asus_xtion_description)
[0.256s] INFO:colcon.colcon_ros.task.ament_cmake.build:Building ROS package in '/home/rysch01/Projects/teleoperation_spot/system_ws/src/ros2_asus_xtion/asus_xtion' with build type 'ament_cmake'
[0.256s] INFO:colcon.colcon_cmake.task.cmake.build:Building CMake package in '/home/rysch01/Projects/teleoperation_spot/system_ws/src/ros2_asus_xtion/asus_xtion'
[0.256s] INFO:colcon.colcon_core.shell:Skip shell extension 'powershell' for command environment: Not usable outside of PowerShell
[0.256s] DEBUG:colcon.colcon_core.shell:Skip shell extension 'dsv' for command environment
[0.260s] Level 1:colcon.colcon_core.environment:create_environment_scripts_only(asus_xtion_visualization)
[0.260s] Level 1:colcon.colcon_core.environment:checking '/home/rysch01/Projects/teleoperation_spot/system_ws/install/asus_xtion_visualization' for CMake module files
[0.261s] DEBUG:colcon.colcon_core.event_handler.log_command:Invoked command in '/home/rysch01/Projects/teleoperation_spot/system_ws/build/asus_xtion_visualization' returned '0': CMAKE_PREFIX_PATH=${CMAKE_PREFIX_PATH}:/opt/ros/jazzy DEBUGINFOD_URLS=https://debuginfod.ubuntu.com /usr/bin/cmake --install /home/rysch01/Projects/teleoperation_spot/system_ws/build/asus_xtion_visualization
[0.261s] Level 1:colcon.colcon_core.environment:checking '/home/rysch01/Projects/teleoperation_spot/system_ws/install/asus_xtion_visualization' for CMake config files
[0.261s] Level 1:colcon.colcon_core.shell:create_environment_hook('asus_xtion_visualization', 'cmake_prefix_path')
[0.261s] INFO:colcon.colcon_core.shell:Creating environment hook '/home/rysch01/Projects/teleoperation_spot/system_ws/install/asus_xtion_visualization/share/asus_xtion_visualization/hook/cmake_prefix_path.ps1'
[0.262s] INFO:colcon.colcon_core.shell:Creating environment descriptor '/home/rysch01/Projects/teleoperation_spot/system_ws/install/asus_xtion_visualization/share/asus_xtion_visualization/hook/cmake_prefix_path.dsv'
[0.262s] INFO:colcon.colcon_core.shell:Creating environment hook '/home/rysch01/Projects/teleoperation_spot/system_ws/install/asus_xtion_visualization/share/asus_xtion_visualization/hook/cmake_prefix_path.sh'
[0.263s] Level 1:colcon.colcon_core.environment:checking '/home/rysch01/Projects/teleoperation_spot/system_ws/install/asus_xtion_visualization/bin'
[0.263s] Level 1:colcon.colcon_core.environment:checking '/home/rysch01/Projects/teleoperation_spot/system_ws/install/asus_xtion_visualization/lib/pkgconfig/asus_xtion_visualization.pc'
[0.263s] Level 1:colcon.colcon_core.environment:checking '/home/rysch01/Projects/teleoperation_spot/system_ws/install/asus_xtion_visualization/lib/python3.12/site-packages'
[0.264s] Level 1:colcon.colcon_core.environment:checking '/home/rysch01/Projects/teleoperation_spot/system_ws/install/asus_xtion_visualization/bin'
[0.264s] INFO:colcon.colcon_core.shell:Creating package script '/home/rysch01/Projects/teleoperation_spot/system_ws/install/asus_xtion_visualization/share/asus_xtion_visualization/package.ps1'
[0.264s] INFO:colcon.colcon_core.shell:Creating package descriptor '/home/rysch01/Projects/teleoperation_spot/system_ws/install/asus_xtion_visualization/share/asus_xtion_visualization/package.dsv'
[0.265s] INFO:colcon.colcon_core.shell:Creating package script '/home/rysch01/Projects/teleoperation_spot/system_ws/install/asus_xtion_visualization/share/asus_xtion_visualization/package.sh'
[0.265s] INFO:colcon.colcon_core.shell:Creating package script '/home/rysch01/Projects/teleoperation_spot/system_ws/install/asus_xtion_visualization/share/asus_xtion_visualization/package.bash'
[0.266s] INFO:colcon.colcon_core.shell:Creating package script '/home/rysch01/Projects/teleoperation_spot/system_ws/install/asus_xtion_visualization/share/asus_xtion_visualization/package.zsh'
[0.266s] Level 1:colcon.colcon_core.environment:create_file_with_runtime_dependencies(/home/rysch01/Projects/teleoperation_spot/system_ws/install/asus_xtion_visualization/share/colcon-core/packages/asus_xtion_visualization)
[0.266s] Level 1:colcon.colcon_core.environment:create_environment_scripts_only(asus_xtion_visualization)
[0.267s] Level 1:colcon.colcon_core.environment:checking '/home/rysch01/Projects/teleoperation_spot/system_ws/install/asus_xtion_visualization' for CMake module files
[0.267s] Level 1:colcon.colcon_core.environment:checking '/home/rysch01/Projects/teleoperation_spot/system_ws/install/asus_xtion_visualization' for CMake config files
[0.267s] Level 1:colcon.colcon_core.shell:create_environment_hook('asus_xtion_visualization', 'cmake_prefix_path')
[0.267s] INFO:colcon.colcon_core.shell:Creating environment hook '/home/rysch01/Projects/teleoperation_spot/system_ws/install/asus_xtion_visualization/share/asus_xtion_visualization/hook/cmake_prefix_path.ps1'
[0.268s] INFO:colcon.colcon_core.shell:Creating environment descriptor '/home/rysch01/Projects/teleoperation_spot/system_ws/install/asus_xtion_visualization/share/asus_xtion_visualization/hook/cmake_prefix_path.dsv'
[0.268s] INFO:colcon.colcon_core.shell:Creating environment hook '/home/rysch01/Projects/teleoperation_spot/system_ws/install/asus_xtion_visualization/share/asus_xtion_visualization/hook/cmake_prefix_path.sh'
[0.269s] Level 1:colcon.colcon_core.environment:checking '/home/rysch01/Projects/teleoperation_spot/system_ws/install/asus_xtion_visualization/bin'
[0.269s] Level 1:colcon.colcon_core.environment:checking '/home/rysch01/Projects/teleoperation_spot/system_ws/install/asus_xtion_visualization/lib/pkgconfig/asus_xtion_visualization.pc'
[0.269s] Level 1:colcon.colcon_core.environment:checking '/home/rysch01/Projects/teleoperation_spot/system_ws/install/asus_xtion_visualization/lib/python3.12/site-packages'
[0.270s] Level 1:colcon.colcon_core.environment:checking '/home/rysch01/Projects/teleoperation_spot/system_ws/install/asus_xtion_visualization/bin'
[0.270s] INFO:colcon.colcon_core.shell:Creating package script '/home/rysch01/Projects/teleoperation_spot/system_ws/install/asus_xtion_visualization/share/asus_xtion_visualization/package.ps1'
[0.271s] INFO:colcon.colcon_core.shell:Creating package descriptor '/home/rysch01/Projects/teleoperation_spot/system_ws/install/asus_xtion_visualization/share/asus_xtion_visualization/package.dsv'
[0.271s] INFO:colcon.colcon_core.shell:Creating package script '/home/rysch01/Projects/teleoperation_spot/system_ws/install/asus_xtion_visualization/share/asus_xtion_visualization/package.sh'
[0.272s] INFO:colcon.colcon_core.shell:Creating package script '/home/rysch01/Projects/teleoperation_spot/system_ws/install/asus_xtion_visualization/share/asus_xtion_visualization/package.bash'
[0.272s] INFO:colcon.colcon_core.shell:Creating package script '/home/rysch01/Projects/teleoperation_spot/system_ws/install/asus_xtion_visualization/share/asus_xtion_visualization/package.zsh'
[0.272s] Level 1:colcon.colcon_core.environment:create_file_with_runtime_dependencies(/home/rysch01/Projects/teleoperation_spot/system_ws/install/asus_xtion_visualization/share/colcon-core/packages/asus_xtion_visualization)
[0.276s] DEBUG:colcon.colcon_core.event_handler.log_command:Invoking command in '/home/rysch01/Projects/teleoperation_spot/system_ws/build/asus_xtion': AMENT_PREFIX_PATH=/home/rysch01/Projects/teleoperation_spot/system_ws/install/asus_xtion_description:${AMENT_PREFIX_PATH} CMAKE_PREFIX_PATH=/home/rysch01/Projects/teleoperation_spot/system_ws/install/asus_xtion_description:/opt/ros/jazzy/opt/gz_math_vendor:/opt/ros/jazzy/opt/gz_utils_vendor:/opt/ros/jazzy/opt/gz_cmake_vendor:/opt/ros/jazzy DEBUGINFOD_URLS=https://debuginfod.ubuntu.com /usr/bin/cmake --build /home/rysch01/Projects/teleoperation_spot/system_ws/build/asus_xtion -- -j24 -l24
[0.324s] DEBUG:colcon.colcon_core.event_handler.log_command:Invoked command in '/home/rysch01/Projects/teleoperation_spot/system_ws/build/asus_xtion' returned '0': AMENT_PREFIX_PATH=/home/rysch01/Projects/teleoperation_spot/system_ws/install/asus_xtion_description:${AMENT_PREFIX_PATH} CMAKE_PREFIX_PATH=/home/rysch01/Projects/teleoperation_spot/system_ws/install/asus_xtion_description:/opt/ros/jazzy/opt/gz_math_vendor:/opt/ros/jazzy/opt/gz_utils_vendor:/opt/ros/jazzy/opt/gz_cmake_vendor:/opt/ros/jazzy DEBUGINFOD_URLS=https://debuginfod.ubuntu.com /usr/bin/cmake --build /home/rysch01/Projects/teleoperation_spot/system_ws/build/asus_xtion -- -j24 -l24
[0.325s] DEBUG:colcon.colcon_core.event_handler.log_command:Invoking command in '/home/rysch01/Projects/teleoperation_spot/system_ws/build/asus_xtion': AMENT_PREFIX_PATH=/home/rysch01/Projects/teleoperation_spot/system_ws/install/asus_xtion_description:${AMENT_PREFIX_PATH} CMAKE_PREFIX_PATH=/home/rysch01/Projects/teleoperation_spot/system_ws/install/asus_xtion_description:/opt/ros/jazzy/opt/gz_math_vendor:/opt/ros/jazzy/opt/gz_utils_vendor:/opt/ros/jazzy/opt/gz_cmake_vendor:/opt/ros/jazzy DEBUGINFOD_URLS=https://debuginfod.ubuntu.com /usr/bin/cmake --install /home/rysch01/Projects/teleoperation_spot/system_ws/build/asus_xtion
[0.339s] Level 1:colcon.colcon_core.environment:create_environment_scripts_only(asus_xtion)
[0.339s] DEBUG:colcon.colcon_core.event_handler.log_command:Invoked command in '/home/rysch01/Projects/teleoperation_spot/system_ws/build/asus_xtion' returned '0': AMENT_PREFIX_PATH=/home/rysch01/Projects/teleoperation_spot/system_ws/install/asus_xtion_description:${AMENT_PREFIX_PATH} CMAKE_PREFIX_PATH=/home/rysch01/Projects/teleoperation_spot/system_ws/install/asus_xtion_description:/opt/ros/jazzy/opt/gz_math_vendor:/opt/ros/jazzy/opt/gz_utils_vendor:/opt/ros/jazzy/opt/gz_cmake_vendor:/opt/ros/jazzy DEBUGINFOD_URLS=https://debuginfod.ubuntu.com /usr/bin/cmake --install /home/rysch01/Projects/teleoperation_spot/system_ws/build/asus_xtion
[0.339s] Level 1:colcon.colcon_core.environment:checking '/home/rysch01/Projects/teleoperation_spot/system_ws/install/asus_xtion' for CMake module files
[0.340s] Level 1:colcon.colcon_core.environment:checking '/home/rysch01/Projects/teleoperation_spot/system_ws/install/asus_xtion' for CMake config files
[0.340s] Level 1:colcon.colcon_core.shell:create_environment_hook('asus_xtion', 'cmake_prefix_path')
[0.340s] INFO:colcon.colcon_core.shell:Creating environment hook '/home/rysch01/Projects/teleoperation_spot/system_ws/install/asus_xtion/share/asus_xtion/hook/cmake_prefix_path.ps1'
[0.340s] INFO:colcon.colcon_core.shell:Creating environment descriptor '/home/rysch01/Projects/teleoperation_spot/system_ws/install/asus_xtion/share/asus_xtion/hook/cmake_prefix_path.dsv'
[0.341s] INFO:colcon.colcon_core.shell:Creating environment hook '/home/rysch01/Projects/teleoperation_spot/system_ws/install/asus_xtion/share/asus_xtion/hook/cmake_prefix_path.sh'
[0.341s] Level 1:colcon.colcon_core.environment:checking '/home/rysch01/Projects/teleoperation_spot/system_ws/install/asus_xtion/bin'
[0.341s] Level 1:colcon.colcon_core.environment:checking '/home/rysch01/Projects/teleoperation_spot/system_ws/install/asus_xtion/lib/pkgconfig/asus_xtion.pc'
[0.342s] Level 1:colcon.colcon_core.environment:checking '/home/rysch01/Projects/teleoperation_spot/system_ws/install/asus_xtion/lib/python3.12/site-packages'
[0.342s] Level 1:colcon.colcon_core.environment:checking '/home/rysch01/Projects/teleoperation_spot/system_ws/install/asus_xtion/bin'
[0.342s] INFO:colcon.colcon_core.shell:Creating package script '/home/rysch01/Projects/teleoperation_spot/system_ws/install/asus_xtion/share/asus_xtion/package.ps1'
[0.343s] INFO:colcon.colcon_core.shell:Creating package descriptor '/home/rysch01/Projects/teleoperation_spot/system_ws/install/asus_xtion/share/asus_xtion/package.dsv'
[0.343s] INFO:colcon.colcon_core.shell:Creating package script '/home/rysch01/Projects/teleoperation_spot/system_ws/install/asus_xtion/share/asus_xtion/package.sh'
[0.344s] INFO:colcon.colcon_core.shell:Creating package script '/home/rysch01/Projects/teleoperation_spot/system_ws/install/asus_xtion/share/asus_xtion/package.bash'
[0.344s] INFO:colcon.colcon_core.shell:Creating package script '/home/rysch01/Projects/teleoperation_spot/system_ws/install/asus_xtion/share/asus_xtion/package.zsh'
[0.344s] Level 1:colcon.colcon_core.environment:create_file_with_runtime_dependencies(/home/rysch01/Projects/teleoperation_spot/system_ws/install/asus_xtion/share/colcon-core/packages/asus_xtion)
[0.345s] Level 1:colcon.colcon_core.environment:create_environment_scripts_only(asus_xtion)
[0.345s] Level 1:colcon.colcon_core.environment:checking '/home/rysch01/Projects/teleoperation_spot/system_ws/install/asus_xtion' for CMake module files
[0.345s] Level 1:colcon.colcon_core.environment:checking '/home/rysch01/Projects/teleoperation_spot/system_ws/install/asus_xtion' for CMake config files
[0.345s] Level 1:colcon.colcon_core.shell:create_environment_hook('asus_xtion', 'cmake_prefix_path')
[0.346s] INFO:colcon.colcon_core.shell:Creating environment hook '/home/rysch01/Projects/teleoperation_spot/system_ws/install/asus_xtion/share/asus_xtion/hook/cmake_prefix_path.ps1'
[0.346s] INFO:colcon.colcon_core.shell:Creating environment descriptor '/home/rysch01/Projects/teleoperation_spot/system_ws/install/asus_xtion/share/asus_xtion/hook/cmake_prefix_path.dsv'
[0.347s] INFO:colcon.colcon_core.shell:Creating environment hook '/home/rysch01/Projects/teleoperation_spot/system_ws/install/asus_xtion/share/asus_xtion/hook/cmake_prefix_path.sh'
[0.347s] Level 1:colcon.colcon_core.environment:checking '/home/rysch01/Projects/teleoperation_spot/system_ws/install/asus_xtion/bin'
[0.347s] Level 1:colcon.colcon_core.environment:checking '/home/rysch01/Projects/teleoperation_spot/system_ws/install/asus_xtion/lib/pkgconfig/asus_xtion.pc'
[0.348s] Level 1:colcon.colcon_core.environment:checking '/home/rysch01/Projects/teleoperation_spot/system_ws/install/asus_xtion/lib/python3.12/site-packages'
[0.348s] Level 1:colcon.colcon_core.environment:checking '/home/rysch01/Projects/teleoperation_spot/system_ws/install/asus_xtion/bin'
[0.348s] INFO:colcon.colcon_core.shell:Creating package script '/home/rysch01/Projects/teleoperation_spot/system_ws/install/asus_xtion/share/asus_xtion/package.ps1'
[0.349s] INFO:colcon.colcon_core.shell:Creating package descriptor '/home/rysch01/Projects/teleoperation_spot/system_ws/install/asus_xtion/share/asus_xtion/package.dsv'
[0.349s] INFO:colcon.colcon_core.shell:Creating package script '/home/rysch01/Projects/teleoperation_spot/system_ws/install/asus_xtion/share/asus_xtion/package.sh'
[0.349s] INFO:colcon.colcon_core.shell:Creating package script '/home/rysch01/Projects/teleoperation_spot/system_ws/install/asus_xtion/share/asus_xtion/package.bash'
[0.350s] INFO:colcon.colcon_core.shell:Creating package script '/home/rysch01/Projects/teleoperation_spot/system_ws/install/asus_xtion/share/asus_xtion/package.zsh'
[0.350s] Level 1:colcon.colcon_core.environment:create_file_with_runtime_dependencies(/home/rysch01/Projects/teleoperation_spot/system_ws/install/asus_xtion/share/colcon-core/packages/asus_xtion)
[0.350s] DEBUG:colcon.colcon_parallel_executor.executor.parallel:closing loop
[0.350s] DEBUG:colcon.colcon_parallel_executor.executor.parallel:loop closed
[0.350s] DEBUG:colcon.colcon_parallel_executor.executor.parallel:run_until_complete finished with '0'
[0.351s] DEBUG:colcon.colcon_core.event_reactor:joining thread
[0.357s] INFO:colcon.colcon_core.plugin_system:Skipping extension 'colcon_notification.desktop_notification.terminal_notifier': Not used on non-Darwin systems
[0.357s] INFO:colcon.colcon_core.plugin_system:Skipping extension 'colcon_notification.desktop_notification.win32': Not used on non-Windows systems
[0.357s] INFO:colcon.colcon_notification.desktop_notification:Sending desktop notification using 'notify2'
[0.374s] DEBUG:colcon.colcon_core.event_reactor:joined thread
[0.375s] INFO:colcon.colcon_core.shell:Creating prefix script '/home/rysch01/Projects/teleoperation_spot/system_ws/install/local_setup.ps1'
[0.376s] INFO:colcon.colcon_core.shell:Creating prefix util module '/home/rysch01/Projects/teleoperation_spot/system_ws/install/_local_setup_util_ps1.py'
[0.378s] INFO:colcon.colcon_core.shell:Creating prefix chain script '/home/rysch01/Projects/teleoperation_spot/system_ws/install/setup.ps1'
[0.379s] INFO:colcon.colcon_core.shell:Creating prefix script '/home/rysch01/Projects/teleoperation_spot/system_ws/install/local_setup.sh'
[0.379s] INFO:colcon.colcon_core.shell:Creating prefix util module '/home/rysch01/Projects/teleoperation_spot/system_ws/install/_local_setup_util_sh.py'
[0.380s] INFO:colcon.colcon_core.shell:Creating prefix chain script '/home/rysch01/Projects/teleoperation_spot/system_ws/install/setup.sh'
[0.381s] INFO:colcon.colcon_core.shell:Creating prefix script '/home/rysch01/Projects/teleoperation_spot/system_ws/install/local_setup.bash'
[0.381s] INFO:colcon.colcon_core.shell:Creating prefix chain script '/home/rysch01/Projects/teleoperation_spot/system_ws/install/setup.bash'
[0.382s] INFO:colcon.colcon_core.shell:Creating prefix script '/home/rysch01/Projects/teleoperation_spot/system_ws/install/local_setup.zsh'
[0.383s] INFO:colcon.colcon_core.shell:Creating prefix chain script '/home/rysch01/Projects/teleoperation_spot/system_ws/install/setup.zsh'
