[0.007s] Invoking command in '/home/rysch01/Projects/teleoperation_spot/system_ws/build/asus_xtion_description': CMAKE_PREFIX_PATH=${CMAKE_PREFIX_PATH}:/opt/ros/jazzy DEBUGINFOD_URLS=https://debuginfod.ubuntu.com /usr/bin/cmake --build /home/rysch01/Projects/teleoperation_spot/system_ws/build/asus_xtion_description -- -j24 -l24
[0.047s] Invoked command in '/home/rysch01/Projects/teleoperation_spot/system_ws/build/asus_xtion_description' returned '0': CMAKE_PREFIX_PATH=${CMAKE_PREFIX_PATH}:/opt/ros/jazzy DEBUGINFOD_URLS=https://debuginfod.ubuntu.com /usr/bin/cmake --build /home/rysch01/Projects/teleoperation_spot/system_ws/build/asus_xtion_description -- -j24 -l24
[0.060s] Invoking command in '/home/rysch01/Projects/teleoperation_spot/system_ws/build/asus_xtion_description': CMAKE_PREFIX_PATH=${CMAKE_PREFIX_PATH}:/opt/ros/jazzy DEBUGINFOD_URLS=https://debuginfod.ubuntu.com /usr/bin/cmake --install /home/rysch01/Projects/teleoperation_spot/system_ws/build/asus_xtion_description
[0.069s] -- Install configuration: ""
[0.069s] -- Up-to-date: /home/rysch01/Projects/teleoperation_spot/system_ws/install/asus_xtion_description/share/asus_xtion_description/launch
[0.069s] -- Up-to-date: /home/rysch01/Projects/teleoperation_spot/system_ws/install/asus_xtion_description/share/asus_xtion_description/launch/robot_state_publisher.launch.py
[0.069s] -- Up-to-date: /home/rysch01/Projects/teleoperation_spot/system_ws/install/asus_xtion_description/share/asus_xtion_description/meshes
[0.069s] -- Up-to-date: /home/rysch01/Projects/teleoperation_spot/system_ws/install/asus_xtion_description/share/asus_xtion_description/meshes/asus_xtion_pro_live.dae
[0.069s] -- Up-to-date: /home/rysch01/Projects/teleoperation_spot/system_ws/install/asus_xtion_description/share/asus_xtion_description/meshes/asus_xtion_pro_live.png
[0.069s] -- Up-to-date: /home/rysch01/Projects/teleoperation_spot/system_ws/install/asus_xtion_description/share/asus_xtion_description/urdf
[0.069s] -- Up-to-date: /home/rysch01/Projects/teleoperation_spot/system_ws/install/asus_xtion_description/share/asus_xtion_description/urdf/asus_xtion.urdf.xacro
[0.069s] -- Up-to-date: /home/rysch01/Projects/teleoperation_spot/system_ws/install/asus_xtion_description/share/asus_xtion_description/robots
[0.070s] -- Up-to-date: /home/rysch01/Projects/teleoperation_spot/system_ws/install/asus_xtion_description/share/asus_xtion_description/robots/asus_xtion.urdf.xacro
[0.070s] -- Up-to-date: /home/rysch01/Projects/teleoperation_spot/system_ws/install/asus_xtion_description/share/ament_index/resource_index/package_run_dependencies/asus_xtion_description
[0.070s] -- Up-to-date: /home/rysch01/Projects/teleoperation_spot/system_ws/install/asus_xtion_description/share/ament_index/resource_index/parent_prefix_path/asus_xtion_description
[0.070s] -- Up-to-date: /home/rysch01/Projects/teleoperation_spot/system_ws/install/asus_xtion_description/share/asus_xtion_description/environment/ament_prefix_path.sh
[0.070s] -- Up-to-date: /home/rysch01/Projects/teleoperation_spot/system_ws/install/asus_xtion_description/share/asus_xtion_description/environment/ament_prefix_path.dsv
[0.070s] -- Up-to-date: /home/rysch01/Projects/teleoperation_spot/system_ws/install/asus_xtion_description/share/asus_xtion_description/environment/path.sh
[0.070s] -- Up-to-date: /home/rysch01/Projects/teleoperation_spot/system_ws/install/asus_xtion_description/share/asus_xtion_description/environment/path.dsv
[0.070s] -- Up-to-date: /home/rysch01/Projects/teleoperation_spot/system_ws/install/asus_xtion_description/share/asus_xtion_description/local_setup.bash
[0.070s] -- Up-to-date: /home/rysch01/Projects/teleoperation_spot/system_ws/install/asus_xtion_description/share/asus_xtion_description/local_setup.sh
[0.070s] -- Up-to-date: /home/rysch01/Projects/teleoperation_spot/system_ws/install/asus_xtion_description/share/asus_xtion_description/local_setup.zsh
[0.070s] -- Up-to-date: /home/rysch01/Projects/teleoperation_spot/system_ws/install/asus_xtion_description/share/asus_xtion_description/local_setup.dsv
[0.070s] -- Up-to-date: /home/rysch01/Projects/teleoperation_spot/system_ws/install/asus_xtion_description/share/asus_xtion_description/package.dsv
[0.070s] -- Up-to-date: /home/rysch01/Projects/teleoperation_spot/system_ws/install/asus_xtion_description/share/ament_index/resource_index/packages/asus_xtion_description
[0.070s] -- Up-to-date: /home/rysch01/Projects/teleoperation_spot/system_ws/install/asus_xtion_description/share/asus_xtion_description/cmake/asus_xtion_descriptionConfig.cmake
[0.070s] -- Up-to-date: /home/rysch01/Projects/teleoperation_spot/system_ws/install/asus_xtion_description/share/asus_xtion_description/cmake/asus_xtion_descriptionConfig-version.cmake
[0.071s] -- Up-to-date: /home/rysch01/Projects/teleoperation_spot/system_ws/install/asus_xtion_description/share/asus_xtion_description/package.xml
[0.073s] Invoked command in '/home/rysch01/Projects/teleoperation_spot/system_ws/build/asus_xtion_description' returned '0': CMAKE_PREFIX_PATH=${CMAKE_PREFIX_PATH}:/opt/ros/jazzy DEBUGINFOD_URLS=https://debuginfod.ubuntu.com /usr/bin/cmake --install /home/rysch01/Projects/teleoperation_spot/system_ws/build/asus_xtion_description
