[0.091s] DEBUG:colcon:Command line arguments: ['/usr/bin/colcon', 'build', '--packages-select', 'xtion_bringup']
[0.091s] DEBUG:colcon:Parsed command line arguments: Namespace(log_base=None, log_level=None, verb_name='build', build_base='build', install_base='install', merge_install=False, symlink_install=False, test_result_base=None, continue_on_error=False, executor='parallel', parallel_workers=24, event_handlers=None, ignore_user_meta=False, metas=['./colcon.meta'], base_paths=['.'], packages_ignore=None, packages_ignore_regex=None, paths=None, packages_up_to=None, packages_up_to_regex=None, packages_above=None, packages_above_and_dependencies=None, packages_above_depth=None, packages_select_by_dep=None, packages_skip_by_dep=None, packages_skip_up_to=None, packages_select_build_failed=False, packages_skip_build_finished=False, packages_select_test_failures=False, packages_skip_test_passed=False, packages_select=['xtion_bringup'], packages_skip=None, packages_select_regex=None, packages_skip_regex=None, packages_start=None, packages_end=None, allow_overriding=[], cmake_args=None, cmake_target=None, cmake_target_skip_unavailable=False, cmake_clean_cache=False, cmake_clean_first=False, cmake_force_configure=False, ament_cmake_args=None, catkin_cmake_args=None, catkin_skip_building_tests=False, mixin_files=None, mixin=None, verb_parser=<colcon_mixin.mixin.mixin_argument.MixinArgumentDecorator object at 0x7b4c105922a0>, verb_extension=<colcon_core.verb.build.BuildVerb object at 0x7b4c10540170>, main=<bound method BuildVerb.main of <colcon_core.verb.build.BuildVerb object at 0x7b4c10540170>>, mixin_verb=('build',))
[0.111s] Level 1:colcon.colcon_core.package_discovery:discover_packages(colcon_meta) check parameters
[0.111s] Level 1:colcon.colcon_core.package_discovery:discover_packages(recursive) check parameters
[0.111s] Level 1:colcon.colcon_core.package_discovery:discover_packages(ignore) check parameters
[0.111s] Level 1:colcon.colcon_core.package_discovery:discover_packages(path) check parameters
[0.111s] Level 1:colcon.colcon_core.package_discovery:discover_packages(colcon_meta) discover
[0.111s] Level 1:colcon.colcon_core.package_discovery:discover_packages(recursive) discover
[0.111s] INFO:colcon.colcon_core.package_discovery:Crawling recursively for packages in '/home/rysch01/Projects/teleoperation_spot/system_ws'
[0.111s] Level 1:colcon.colcon_core.package_identification:_identify(.) by extensions ['ignore', 'ignore_ament_install']
[0.111s] Level 1:colcon.colcon_core.package_identification:_identify(.) by extension 'ignore'
[0.111s] Level 1:colcon.colcon_core.package_identification:_identify(.) by extension 'ignore_ament_install'
[0.111s] Level 1:colcon.colcon_core.package_identification:_identify(.) by extensions ['colcon_pkg']
[0.111s] Level 1:colcon.colcon_core.package_identification:_identify(.) by extension 'colcon_pkg'
[0.111s] Level 1:colcon.colcon_core.package_identification:_identify(.) by extensions ['colcon_meta']
[0.111s] Level 1:colcon.colcon_core.package_identification:_identify(.) by extension 'colcon_meta'
[0.111s] Level 1:colcon.colcon_core.package_identification:_identify(.) by extensions ['ros']
[0.111s] Level 1:colcon.colcon_core.package_identification:_identify(.) by extension 'ros'
[0.125s] Level 1:colcon.colcon_core.package_identification:_identify(.) by extensions ['cmake', 'python']
[0.125s] Level 1:colcon.colcon_core.package_identification:_identify(.) by extension 'cmake'
[0.125s] Level 1:colcon.colcon_core.package_identification:_identify(.) by extension 'python'
[0.125s] Level 1:colcon.colcon_core.package_identification:_identify(.) by extensions ['python_setup_py']
[0.125s] Level 1:colcon.colcon_core.package_identification:_identify(.) by extension 'python_setup_py'
[0.125s] Level 1:colcon.colcon_core.package_identification:_identify(build) by extensions ['ignore', 'ignore_ament_install']
[0.125s] Level 1:colcon.colcon_core.package_identification:_identify(build) by extension 'ignore'
[0.125s] Level 1:colcon.colcon_core.package_identification:_identify(build) ignored
[0.125s] Level 1:colcon.colcon_core.package_identification:_identify(install) by extensions ['ignore', 'ignore_ament_install']
[0.125s] Level 1:colcon.colcon_core.package_identification:_identify(install) by extension 'ignore'
[0.125s] Level 1:colcon.colcon_core.package_identification:_identify(install) ignored
[0.125s] Level 1:colcon.colcon_core.package_identification:_identify(log) by extensions ['ignore', 'ignore_ament_install']
[0.125s] Level 1:colcon.colcon_core.package_identification:_identify(log) by extension 'ignore'
[0.125s] Level 1:colcon.colcon_core.package_identification:_identify(log) ignored
[0.125s] Level 1:colcon.colcon_core.package_identification:_identify(src) by extensions ['ignore', 'ignore_ament_install']
[0.125s] Level 1:colcon.colcon_core.package_identification:_identify(src) by extension 'ignore'
[0.125s] Level 1:colcon.colcon_core.package_identification:_identify(src) by extension 'ignore_ament_install'
[0.125s] Level 1:colcon.colcon_core.package_identification:_identify(src) by extensions ['colcon_pkg']
[0.125s] Level 1:colcon.colcon_core.package_identification:_identify(src) by extension 'colcon_pkg'
[0.125s] Level 1:colcon.colcon_core.package_identification:_identify(src) by extensions ['colcon_meta']
[0.125s] Level 1:colcon.colcon_core.package_identification:_identify(src) by extension 'colcon_meta'
[0.126s] Level 1:colcon.colcon_core.package_identification:_identify(src) by extensions ['ros']
[0.126s] Level 1:colcon.colcon_core.package_identification:_identify(src) by extension 'ros'
[0.126s] Level 1:colcon.colcon_core.package_identification:_identify(src) by extensions ['cmake', 'python']
[0.126s] Level 1:colcon.colcon_core.package_identification:_identify(src) by extension 'cmake'
[0.126s] Level 1:colcon.colcon_core.package_identification:_identify(src) by extension 'python'
[0.126s] Level 1:colcon.colcon_core.package_identification:_identify(src) by extensions ['python_setup_py']
[0.126s] Level 1:colcon.colcon_core.package_identification:_identify(src) by extension 'python_setup_py'
[0.126s] Level 1:colcon.colcon_core.package_identification:_identify(src/ros2_asus_xtion) by extensions ['ignore', 'ignore_ament_install']
[0.126s] Level 1:colcon.colcon_core.package_identification:_identify(src/ros2_asus_xtion) by extension 'ignore'
[0.126s] Level 1:colcon.colcon_core.package_identification:_identify(src/ros2_asus_xtion) by extension 'ignore_ament_install'
[0.126s] Level 1:colcon.colcon_core.package_identification:_identify(src/ros2_asus_xtion) by extensions ['colcon_pkg']
[0.126s] Level 1:colcon.colcon_core.package_identification:_identify(src/ros2_asus_xtion) by extension 'colcon_pkg'
[0.126s] Level 1:colcon.colcon_core.package_identification:_identify(src/ros2_asus_xtion) by extensions ['colcon_meta']
[0.126s] Level 1:colcon.colcon_core.package_identification:_identify(src/ros2_asus_xtion) by extension 'colcon_meta'
[0.126s] Level 1:colcon.colcon_core.package_identification:_identify(src/ros2_asus_xtion) by extensions ['ros']
[0.126s] Level 1:colcon.colcon_core.package_identification:_identify(src/ros2_asus_xtion) by extension 'ros'
[0.126s] Level 1:colcon.colcon_core.package_identification:_identify(src/ros2_asus_xtion) by extensions ['cmake', 'python']
[0.126s] Level 1:colcon.colcon_core.package_identification:_identify(src/ros2_asus_xtion) by extension 'cmake'
[0.126s] Level 1:colcon.colcon_core.package_identification:_identify(src/ros2_asus_xtion) by extension 'python'
[0.126s] Level 1:colcon.colcon_core.package_identification:_identify(src/ros2_asus_xtion) by extensions ['python_setup_py']
[0.126s] Level 1:colcon.colcon_core.package_identification:_identify(src/ros2_asus_xtion) by extension 'python_setup_py'
[0.126s] Level 1:colcon.colcon_core.package_identification:_identify(src/ros2_asus_xtion/asus_xtion) by extensions ['ignore', 'ignore_ament_install']
[0.126s] Level 1:colcon.colcon_core.package_identification:_identify(src/ros2_asus_xtion/asus_xtion) by extension 'ignore'
[0.126s] Level 1:colcon.colcon_core.package_identification:_identify(src/ros2_asus_xtion/asus_xtion) by extension 'ignore_ament_install'
[0.126s] Level 1:colcon.colcon_core.package_identification:_identify(src/ros2_asus_xtion/asus_xtion) by extensions ['colcon_pkg']
[0.126s] Level 1:colcon.colcon_core.package_identification:_identify(src/ros2_asus_xtion/asus_xtion) by extension 'colcon_pkg'
[0.126s] Level 1:colcon.colcon_core.package_identification:_identify(src/ros2_asus_xtion/asus_xtion) by extensions ['colcon_meta']
[0.126s] Level 1:colcon.colcon_core.package_identification:_identify(src/ros2_asus_xtion/asus_xtion) by extension 'colcon_meta'
[0.126s] Level 1:colcon.colcon_core.package_identification:_identify(src/ros2_asus_xtion/asus_xtion) by extensions ['ros']
[0.126s] Level 1:colcon.colcon_core.package_identification:_identify(src/ros2_asus_xtion/asus_xtion) by extension 'ros'
[0.127s] DEBUG:colcon.colcon_core.package_identification:Package 'src/ros2_asus_xtion/asus_xtion' with type 'ros.ament_cmake' and name 'asus_xtion'
[0.127s] Level 1:colcon.colcon_core.package_identification:_identify(src/ros2_asus_xtion/asus_xtion_description) by extensions ['ignore', 'ignore_ament_install']
[0.127s] Level 1:colcon.colcon_core.package_identification:_identify(src/ros2_asus_xtion/asus_xtion_description) by extension 'ignore'
[0.127s] Level 1:colcon.colcon_core.package_identification:_identify(src/ros2_asus_xtion/asus_xtion_description) by extension 'ignore_ament_install'
[0.128s] Level 1:colcon.colcon_core.package_identification:_identify(src/ros2_asus_xtion/asus_xtion_description) by extensions ['colcon_pkg']
[0.128s] Level 1:colcon.colcon_core.package_identification:_identify(src/ros2_asus_xtion/asus_xtion_description) by extension 'colcon_pkg'
[0.128s] Level 1:colcon.colcon_core.package_identification:_identify(src/ros2_asus_xtion/asus_xtion_description) by extensions ['colcon_meta']
[0.128s] Level 1:colcon.colcon_core.package_identification:_identify(src/ros2_asus_xtion/asus_xtion_description) by extension 'colcon_meta'
[0.128s] Level 1:colcon.colcon_core.package_identification:_identify(src/ros2_asus_xtion/asus_xtion_description) by extensions ['ros']
[0.128s] Level 1:colcon.colcon_core.package_identification:_identify(src/ros2_asus_xtion/asus_xtion_description) by extension 'ros'
[0.128s] DEBUG:colcon.colcon_core.package_identification:Package 'src/ros2_asus_xtion/asus_xtion_description' with type 'ros.ament_cmake' and name 'asus_xtion_description'
[0.128s] Level 1:colcon.colcon_core.package_identification:_identify(src/ros2_asus_xtion/asus_xtion_gazebo) by extensions ['ignore', 'ignore_ament_install']
[0.128s] Level 1:colcon.colcon_core.package_identification:_identify(src/ros2_asus_xtion/asus_xtion_gazebo) by extension 'ignore'
[0.128s] Level 1:colcon.colcon_core.package_identification:_identify(src/ros2_asus_xtion/asus_xtion_gazebo) by extension 'ignore_ament_install'
[0.128s] Level 1:colcon.colcon_core.package_identification:_identify(src/ros2_asus_xtion/asus_xtion_gazebo) by extensions ['colcon_pkg']
[0.128s] Level 1:colcon.colcon_core.package_identification:_identify(src/ros2_asus_xtion/asus_xtion_gazebo) by extension 'colcon_pkg'
[0.128s] Level 1:colcon.colcon_core.package_identification:_identify(src/ros2_asus_xtion/asus_xtion_gazebo) by extensions ['colcon_meta']
[0.128s] Level 1:colcon.colcon_core.package_identification:_identify(src/ros2_asus_xtion/asus_xtion_gazebo) by extension 'colcon_meta'
[0.128s] Level 1:colcon.colcon_core.package_identification:_identify(src/ros2_asus_xtion/asus_xtion_gazebo) by extensions ['ros']
[0.128s] Level 1:colcon.colcon_core.package_identification:_identify(src/ros2_asus_xtion/asus_xtion_gazebo) by extension 'ros'
[0.128s] DEBUG:colcon.colcon_core.package_identification:Package 'src/ros2_asus_xtion/asus_xtion_gazebo' with type 'ros.ament_cmake' and name 'asus_xtion_gazebo'
[0.128s] Level 1:colcon.colcon_core.package_identification:_identify(src/ros2_asus_xtion/asus_xtion_visualization) by extensions ['ignore', 'ignore_ament_install']
[0.128s] Level 1:colcon.colcon_core.package_identification:_identify(src/ros2_asus_xtion/asus_xtion_visualization) by extension 'ignore'
[0.129s] Level 1:colcon.colcon_core.package_identification:_identify(src/ros2_asus_xtion/asus_xtion_visualization) by extension 'ignore_ament_install'
[0.129s] Level 1:colcon.colcon_core.package_identification:_identify(src/ros2_asus_xtion/asus_xtion_visualization) by extensions ['colcon_pkg']
[0.129s] Level 1:colcon.colcon_core.package_identification:_identify(src/ros2_asus_xtion/asus_xtion_visualization) by extension 'colcon_pkg'
[0.129s] Level 1:colcon.colcon_core.package_identification:_identify(src/ros2_asus_xtion/asus_xtion_visualization) by extensions ['colcon_meta']
[0.129s] Level 1:colcon.colcon_core.package_identification:_identify(src/ros2_asus_xtion/asus_xtion_visualization) by extension 'colcon_meta'
[0.129s] Level 1:colcon.colcon_core.package_identification:_identify(src/ros2_asus_xtion/asus_xtion_visualization) by extensions ['ros']
[0.129s] Level 1:colcon.colcon_core.package_identification:_identify(src/ros2_asus_xtion/asus_xtion_visualization) by extension 'ros'
[0.129s] DEBUG:colcon.colcon_core.package_identification:Package 'src/ros2_asus_xtion/asus_xtion_visualization' with type 'ros.ament_cmake' and name 'asus_xtion_visualization'
[0.129s] Level 1:colcon.colcon_core.package_identification:_identify(src/xtion_bringup) by extensions ['ignore', 'ignore_ament_install']
[0.129s] Level 1:colcon.colcon_core.package_identification:_identify(src/xtion_bringup) by extension 'ignore'
[0.129s] Level 1:colcon.colcon_core.package_identification:_identify(src/xtion_bringup) by extension 'ignore_ament_install'
[0.129s] Level 1:colcon.colcon_core.package_identification:_identify(src/xtion_bringup) by extensions ['colcon_pkg']
[0.129s] Level 1:colcon.colcon_core.package_identification:_identify(src/xtion_bringup) by extension 'colcon_pkg'
[0.129s] Level 1:colcon.colcon_core.package_identification:_identify(src/xtion_bringup) by extensions ['colcon_meta']
[0.129s] Level 1:colcon.colcon_core.package_identification:_identify(src/xtion_bringup) by extension 'colcon_meta'
[0.129s] Level 1:colcon.colcon_core.package_identification:_identify(src/xtion_bringup) by extensions ['ros']
[0.129s] Level 1:colcon.colcon_core.package_identification:_identify(src/xtion_bringup) by extension 'ros'
[0.129s] DEBUG:colcon.colcon_core.package_identification:Package 'src/xtion_bringup' with type 'ros.ament_python' and name 'xtion_bringup'
[0.129s] Level 1:colcon.colcon_core.package_discovery:discover_packages(recursive) using defaults
[0.129s] Level 1:colcon.colcon_core.package_discovery:discover_packages(ignore) discover
[0.129s] Level 1:colcon.colcon_core.package_discovery:discover_packages(ignore) using defaults
[0.129s] Level 1:colcon.colcon_core.package_discovery:discover_packages(path) discover
[0.129s] Level 1:colcon.colcon_core.package_discovery:discover_packages(path) using defaults
[0.139s] INFO:colcon.colcon_core.package_selection:Skipping not selected package 'asus_xtion_description' in 'src/ros2_asus_xtion/asus_xtion_description'
[0.139s] INFO:colcon.colcon_core.package_selection:Skipping not selected package 'asus_xtion_visualization' in 'src/ros2_asus_xtion/asus_xtion_visualization'
[0.139s] INFO:colcon.colcon_core.package_selection:Skipping not selected package 'asus_xtion' in 'src/ros2_asus_xtion/asus_xtion'
[0.139s] INFO:colcon.colcon_core.package_selection:Skipping not selected package 'asus_xtion_gazebo' in 'src/ros2_asus_xtion/asus_xtion_gazebo'
[0.139s] Level 1:colcon.colcon_core.package_discovery:discover_packages(prefix_path) check parameters
[0.139s] Level 1:colcon.colcon_core.package_discovery:discover_packages(prefix_path) discover
[0.140s] DEBUG:colcon.colcon_installed_package_information.package_discovery:Found 5 installed packages in /home/rysch01/Projects/teleoperation_spot/system_ws/install
[0.140s] DEBUG:colcon.colcon_installed_package_information.package_discovery:Found 292 installed packages in /opt/ros/jazzy
[0.141s] Level 1:colcon.colcon_core.package_discovery:discover_packages(prefix_path) using defaults
[0.159s] Level 5:colcon.colcon_core.verb:set package 'xtion_bringup' build argument 'cmake_args' from command line to 'None'
[0.159s] Level 5:colcon.colcon_core.verb:set package 'xtion_bringup' build argument 'cmake_target' from command line to 'None'
[0.159s] Level 5:colcon.colcon_core.verb:set package 'xtion_bringup' build argument 'cmake_target_skip_unavailable' from command line to 'False'
[0.159s] Level 5:colcon.colcon_core.verb:set package 'xtion_bringup' build argument 'cmake_clean_cache' from command line to 'False'
[0.159s] Level 5:colcon.colcon_core.verb:set package 'xtion_bringup' build argument 'cmake_clean_first' from command line to 'False'
[0.159s] Level 5:colcon.colcon_core.verb:set package 'xtion_bringup' build argument 'cmake_force_configure' from command line to 'False'
[0.159s] Level 5:colcon.colcon_core.verb:set package 'xtion_bringup' build argument 'ament_cmake_args' from command line to 'None'
[0.159s] Level 5:colcon.colcon_core.verb:set package 'xtion_bringup' build argument 'catkin_cmake_args' from command line to 'None'
[0.159s] Level 5:colcon.colcon_core.verb:set package 'xtion_bringup' build argument 'catkin_skip_building_tests' from command line to 'False'
[0.159s] DEBUG:colcon.colcon_core.verb:Building package 'xtion_bringup' with the following arguments: {'ament_cmake_args': None, 'build_base': '/home/rysch01/Projects/teleoperation_spot/system_ws/build/xtion_bringup', 'catkin_cmake_args': None, 'catkin_skip_building_tests': False, 'cmake_args': None, 'cmake_clean_cache': False, 'cmake_clean_first': False, 'cmake_force_configure': False, 'cmake_target': None, 'cmake_target_skip_unavailable': False, 'install_base': '/home/rysch01/Projects/teleoperation_spot/system_ws/install/xtion_bringup', 'merge_install': False, 'path': '/home/rysch01/Projects/teleoperation_spot/system_ws/src/xtion_bringup', 'symlink_install': False, 'test_result_base': None}
[0.159s] INFO:colcon.colcon_core.executor:Executing jobs using 'parallel' executor
[0.160s] DEBUG:colcon.colcon_parallel_executor.executor.parallel:run_until_complete
[0.160s] INFO:colcon.colcon_ros.task.ament_python.build:Building ROS package in '/home/rysch01/Projects/teleoperation_spot/system_ws/src/xtion_bringup' with build type 'ament_python'
[0.160s] Level 1:colcon.colcon_core.shell:create_environment_hook('xtion_bringup', 'ament_prefix_path')
[0.161s] INFO:colcon.colcon_core.plugin_system:Skipping extension 'colcon_core.shell.bat': Not used on non-Windows systems
[0.161s] INFO:colcon.colcon_core.shell:Creating environment hook '/home/rysch01/Projects/teleoperation_spot/system_ws/install/xtion_bringup/share/xtion_bringup/hook/ament_prefix_path.ps1'
[0.162s] INFO:colcon.colcon_core.shell:Creating environment descriptor '/home/rysch01/Projects/teleoperation_spot/system_ws/install/xtion_bringup/share/xtion_bringup/hook/ament_prefix_path.dsv'
[0.162s] INFO:colcon.colcon_core.shell:Creating environment hook '/home/rysch01/Projects/teleoperation_spot/system_ws/install/xtion_bringup/share/xtion_bringup/hook/ament_prefix_path.sh'
[0.162s] INFO:colcon.colcon_core.shell:Skip shell extension 'powershell' for command environment: Not usable outside of PowerShell
[0.162s] DEBUG:colcon.colcon_core.shell:Skip shell extension 'dsv' for command environment
[0.351s] INFO:colcon.colcon_core.task.python.build:Building Python package in '/home/rysch01/Projects/teleoperation_spot/system_ws/src/xtion_bringup'
[0.351s] INFO:colcon.colcon_core.shell:Skip shell extension 'powershell' for command environment: Not usable outside of PowerShell
[0.351s] DEBUG:colcon.colcon_core.shell:Skip shell extension 'dsv' for command environment
[0.713s] DEBUG:colcon.colcon_core.event_handler.log_command:Invoking command in '/home/rysch01/Projects/teleoperation_spot/system_ws/src/xtion_bringup': DEBUGINFOD_URLS=https://debuginfod.ubuntu.com PYTHONPATH=/home/rysch01/Projects/teleoperation_spot/system_ws/build/xtion_bringup/prefix_override:/usr/lib/python3/dist-packages/colcon_core/task/python/colcon_distutils_commands:/home/rysch01/Projects/teleoperation_spot/system_ws/install/xtion_bringup/lib/python3.12/site-packages:${PYTHONPATH} /usr/bin/python3 -W ignore:setup.py install is deprecated -W ignore:easy_install command is deprecated setup.py egg_info --egg-base ../../build/xtion_bringup build --build-base /home/rysch01/Projects/teleoperation_spot/system_ws/build/xtion_bringup/build install --record /home/rysch01/Projects/teleoperation_spot/system_ws/build/xtion_bringup/install.log --single-version-externally-managed install_data
[1.078s] DEBUG:colcon.colcon_core.event_handler.log_command:Invoked command in '/home/rysch01/Projects/teleoperation_spot/system_ws/src/xtion_bringup' returned '0': DEBUGINFOD_URLS=https://debuginfod.ubuntu.com PYTHONPATH=/home/rysch01/Projects/teleoperation_spot/system_ws/build/xtion_bringup/prefix_override:/usr/lib/python3/dist-packages/colcon_core/task/python/colcon_distutils_commands:/home/rysch01/Projects/teleoperation_spot/system_ws/install/xtion_bringup/lib/python3.12/site-packages:${PYTHONPATH} /usr/bin/python3 -W ignore:setup.py install is deprecated -W ignore:easy_install command is deprecated setup.py egg_info --egg-base ../../build/xtion_bringup build --build-base /home/rysch01/Projects/teleoperation_spot/system_ws/build/xtion_bringup/build install --record /home/rysch01/Projects/teleoperation_spot/system_ws/build/xtion_bringup/install.log --single-version-externally-managed install_data
[1.080s] Level 1:colcon.colcon_core.environment:checking '/home/rysch01/Projects/teleoperation_spot/system_ws/install/xtion_bringup' for CMake module files
[1.080s] Level 1:colcon.colcon_core.environment:checking '/home/rysch01/Projects/teleoperation_spot/system_ws/install/xtion_bringup' for CMake config files
[1.080s] Level 1:colcon.colcon_core.environment:checking '/home/rysch01/Projects/teleoperation_spot/system_ws/install/xtion_bringup/lib'
[1.080s] Level 1:colcon.colcon_core.environment:checking '/home/rysch01/Projects/teleoperation_spot/system_ws/install/xtion_bringup/bin'
[1.080s] Level 1:colcon.colcon_core.shell:create_environment_hook('xtion_bringup', 'path')
[1.080s] INFO:colcon.colcon_core.shell:Creating environment hook '/home/rysch01/Projects/teleoperation_spot/system_ws/install/xtion_bringup/share/xtion_bringup/hook/path.ps1'
[1.081s] INFO:colcon.colcon_core.shell:Creating environment descriptor '/home/rysch01/Projects/teleoperation_spot/system_ws/install/xtion_bringup/share/xtion_bringup/hook/path.dsv'
[1.081s] INFO:colcon.colcon_core.shell:Creating environment hook '/home/rysch01/Projects/teleoperation_spot/system_ws/install/xtion_bringup/share/xtion_bringup/hook/path.sh'
[1.081s] Level 1:colcon.colcon_core.environment:checking '/home/rysch01/Projects/teleoperation_spot/system_ws/install/xtion_bringup/lib/pkgconfig/xtion_bringup.pc'
[1.081s] Level 1:colcon.colcon_core.environment:checking '/home/rysch01/Projects/teleoperation_spot/system_ws/install/xtion_bringup/lib/python3.12/site-packages'
[1.081s] Level 1:colcon.colcon_core.shell:create_environment_hook('xtion_bringup', 'pythonpath')
[1.081s] INFO:colcon.colcon_core.shell:Creating environment hook '/home/rysch01/Projects/teleoperation_spot/system_ws/install/xtion_bringup/share/xtion_bringup/hook/pythonpath.ps1'
[1.082s] INFO:colcon.colcon_core.shell:Creating environment descriptor '/home/rysch01/Projects/teleoperation_spot/system_ws/install/xtion_bringup/share/xtion_bringup/hook/pythonpath.dsv'
[1.082s] INFO:colcon.colcon_core.shell:Creating environment hook '/home/rysch01/Projects/teleoperation_spot/system_ws/install/xtion_bringup/share/xtion_bringup/hook/pythonpath.sh'
[1.082s] Level 1:colcon.colcon_core.environment:checking '/home/rysch01/Projects/teleoperation_spot/system_ws/install/xtion_bringup/bin'
[1.082s] Level 1:colcon.colcon_core.shell:create_environment_hook('xtion_bringup', 'pythonscriptspath')
[1.082s] INFO:colcon.colcon_core.shell:Creating environment hook '/home/rysch01/Projects/teleoperation_spot/system_ws/install/xtion_bringup/share/xtion_bringup/hook/pythonscriptspath.ps1'
[1.083s] INFO:colcon.colcon_core.shell:Creating environment descriptor '/home/rysch01/Projects/teleoperation_spot/system_ws/install/xtion_bringup/share/xtion_bringup/hook/pythonscriptspath.dsv'
[1.083s] INFO:colcon.colcon_core.shell:Creating environment hook '/home/rysch01/Projects/teleoperation_spot/system_ws/install/xtion_bringup/share/xtion_bringup/hook/pythonscriptspath.sh'
[1.083s] Level 1:colcon.colcon_core.environment:create_environment_scripts_only(xtion_bringup)
[1.083s] INFO:colcon.colcon_core.shell:Creating package script '/home/rysch01/Projects/teleoperation_spot/system_ws/install/xtion_bringup/share/xtion_bringup/package.ps1'
[1.083s] INFO:colcon.colcon_core.shell:Creating package descriptor '/home/rysch01/Projects/teleoperation_spot/system_ws/install/xtion_bringup/share/xtion_bringup/package.dsv'
[1.084s] INFO:colcon.colcon_core.shell:Creating package script '/home/rysch01/Projects/teleoperation_spot/system_ws/install/xtion_bringup/share/xtion_bringup/package.sh'
[1.084s] INFO:colcon.colcon_core.shell:Creating package script '/home/rysch01/Projects/teleoperation_spot/system_ws/install/xtion_bringup/share/xtion_bringup/package.bash'
[1.084s] INFO:colcon.colcon_core.shell:Creating package script '/home/rysch01/Projects/teleoperation_spot/system_ws/install/xtion_bringup/share/xtion_bringup/package.zsh'
[1.085s] Level 1:colcon.colcon_core.environment:create_file_with_runtime_dependencies(/home/rysch01/Projects/teleoperation_spot/system_ws/install/xtion_bringup/share/colcon-core/packages/xtion_bringup)
[1.085s] DEBUG:colcon.colcon_parallel_executor.executor.parallel:closing loop
[1.085s] DEBUG:colcon.colcon_parallel_executor.executor.parallel:loop closed
[1.085s] DEBUG:colcon.colcon_parallel_executor.executor.parallel:run_until_complete finished with '0'
[1.085s] DEBUG:colcon.colcon_core.event_reactor:joining thread
[1.089s] INFO:colcon.colcon_core.plugin_system:Skipping extension 'colcon_notification.desktop_notification.terminal_notifier': Not used on non-Darwin systems
[1.089s] INFO:colcon.colcon_core.plugin_system:Skipping extension 'colcon_notification.desktop_notification.win32': Not used on non-Windows systems
[1.089s] INFO:colcon.colcon_notification.desktop_notification:Sending desktop notification using 'notify2'
[1.108s] DEBUG:colcon.colcon_core.event_reactor:joined thread
[1.108s] INFO:colcon.colcon_core.shell:Creating prefix script '/home/rysch01/Projects/teleoperation_spot/system_ws/install/local_setup.ps1'
[1.109s] INFO:colcon.colcon_core.shell:Creating prefix util module '/home/rysch01/Projects/teleoperation_spot/system_ws/install/_local_setup_util_ps1.py'
[1.111s] INFO:colcon.colcon_core.shell:Creating prefix chain script '/home/rysch01/Projects/teleoperation_spot/system_ws/install/setup.ps1'
[1.112s] INFO:colcon.colcon_core.shell:Creating prefix script '/home/rysch01/Projects/teleoperation_spot/system_ws/install/local_setup.sh'
[1.112s] INFO:colcon.colcon_core.shell:Creating prefix util module '/home/rysch01/Projects/teleoperation_spot/system_ws/install/_local_setup_util_sh.py'
[1.113s] INFO:colcon.colcon_core.shell:Creating prefix chain script '/home/rysch01/Projects/teleoperation_spot/system_ws/install/setup.sh'
[1.114s] INFO:colcon.colcon_core.shell:Creating prefix script '/home/rysch01/Projects/teleoperation_spot/system_ws/install/local_setup.bash'
[1.114s] INFO:colcon.colcon_core.shell:Creating prefix chain script '/home/rysch01/Projects/teleoperation_spot/system_ws/install/setup.bash'
[1.115s] INFO:colcon.colcon_core.shell:Creating prefix script '/home/rysch01/Projects/teleoperation_spot/system_ws/install/local_setup.zsh'
[1.116s] INFO:colcon.colcon_core.shell:Creating prefix chain script '/home/rysch01/Projects/teleoperation_spot/system_ws/install/setup.zsh'
