running egg_info
writing ../../build/xtion_bringup/xtion_bringup.egg-info/PKG-INFO
writing dependency_links to ../../build/xtion_bringup/xtion_bringup.egg-info/dependency_links.txt
writing entry points to ../../build/xtion_bringup/xtion_bringup.egg-info/entry_points.txt
writing requirements to ../../build/xtion_bringup/xtion_bringup.egg-info/requires.txt
writing top-level names to ../../build/xtion_bringup/xtion_bringup.egg-info/top_level.txt
reading manifest file '../../build/xtion_bringup/xtion_bringup.egg-info/SOURCES.txt'
writing manifest file '../../build/xtion_bringup/xtion_bringup.egg-info/SOURCES.txt'
running build
running build_py
copying xtion_bringup/gen_xtion_cameras.py -> /home/rysch01/Projects/teleoperation_spot/system_ws/build/xtion_bringup/build/lib/xtion_bringup
copying xtion_bringup/xtion_mapper_gui.py -> /home/rysch01/Projects/teleoperation_spot/system_ws/build/xtion_bringup/build/lib/xtion_bringup
copying xtion_bringup/__init__.py -> /home/rysch01/Projects/teleoperation_spot/system_ws/build/xtion_bringup/build/lib/xtion_bringup
running install
running install_lib
copying /home/rysch01/Projects/teleoperation_spot/system_ws/build/xtion_bringup/build/lib/xtion_bringup/gen_xtion_cameras.py -> /home/rysch01/Projects/teleoperation_spot/system_ws/install/xtion_bringup/lib/python3.12/site-packages/xtion_bringup
copying /home/rysch01/Projects/teleoperation_spot/system_ws/build/xtion_bringup/build/lib/xtion_bringup/xtion_mapper_gui.py -> /home/rysch01/Projects/teleoperation_spot/system_ws/install/xtion_bringup/lib/python3.12/site-packages/xtion_bringup
copying /home/rysch01/Projects/teleoperation_spot/system_ws/build/xtion_bringup/build/lib/xtion_bringup/__init__.py -> /home/rysch01/Projects/teleoperation_spot/system_ws/install/xtion_bringup/lib/python3.12/site-packages/xtion_bringup
byte-compiling /home/rysch01/Projects/teleoperation_spot/system_ws/install/xtion_bringup/lib/python3.12/site-packages/xtion_bringup/gen_xtion_cameras.py to gen_xtion_cameras.cpython-312.pyc
byte-compiling /home/rysch01/Projects/teleoperation_spot/system_ws/install/xtion_bringup/lib/python3.12/site-packages/xtion_bringup/xtion_mapper_gui.py to xtion_mapper_gui.cpython-312.pyc
byte-compiling /home/rysch01/Projects/teleoperation_spot/system_ws/install/xtion_bringup/lib/python3.12/site-packages/xtion_bringup/__init__.py to __init__.cpython-312.pyc
running install_data
running install_egg_info
removing '/home/rysch01/Projects/teleoperation_spot/system_ws/install/xtion_bringup/lib/python3.12/site-packages/xtion_bringup-0.0.0-py3.12.egg-info' (and everything under it)
Copying ../../build/xtion_bringup/xtion_bringup.egg-info to /home/rysch01/Projects/teleoperation_spot/system_ws/install/xtion_bringup/lib/python3.12/site-packages/xtion_bringup-0.0.0-py3.12.egg-info
running install_scripts
Installing gen_xtion_cameras script to /home/rysch01/Projects/teleoperation_spot/system_ws/install/xtion_bringup/bin
Installing xtion_mapper_gui script to /home/rysch01/Projects/teleoperation_spot/system_ws/install/xtion_bringup/bin
writing list of installed files to '/home/rysch01/Projects/teleoperation_spot/system_ws/build/xtion_bringup/install.log'
